<?xml version="1.0" encoding="UTF-8"?>
<testsuite xmlns:xsi="http://www.w3.org/2001/XMLSchema-instance" xsi:noNamespaceSchemaLocation="https://maven.apache.org/surefire/maven-failsafe-plugin/xsd/failsafe-test-report-3.0.xsd" version="3.0" name="com.example.acceptancetests.AcceptanceTestSuite" time="2,318.22" tests="57" errors="2" skipped="0" failures="0">
  <properties>
[...]
</properties>
  <testcase name="Adding two numbers" classname="Adding Numbers" time="37.398">
    <system-err><![CDATA[[main] INFO io.cucumber.core.plugin.SerenityReporter - Running feature from file:///D:/sample-mobile-automation/src/test/resources/features/math/adding_numbers.feature
[main] WARN io.cucumber.core.plugin.SerenityReporter - Feature from file:///D:/sample-mobile-automation/src/test/resources/features/math/adding_numbers.feature is not under the 'features' directory. Requirements report will not be correctly generated!
[main] INFO  - 

-------------------------------------------------------------------------------------
     _______. _______ .______       _______ .__   __.  __  .___________.____    ____ 
    /       ||   ____||   _  \     |   ____||  \ |  | |  | |           |\   \  /   / 
   |   (----`|  |__   |  |_)  |    |  |__   |   \|  | |  | `---|  |----` \   \/   /  
    \   \    |   __|  |      /     |   __|  |  . `  | |  |     |  |       \_    _/   
.----)   |   |  |____ |  |\  \----.|  |____ |  |\   | |  |     |  |         |  |     
|_______/    |_______|| _| `._____||_______||__| \__| |__|     |__|         |__|    
                                                                                     
 News and tutorials at http://www.serenity-bdd.info                                  
 Documentation at https://wakaleo.gitbooks.io/the-serenity-book/content/             
 Join the Serenity Community on Gitter: https://gitter.im/serenity-bdd/serenity-core 
 Serenity BDD Support and Training at http://serenity-bdd.info/#/trainingandsupport  
-------------------------------------------------------------------------------------

[main] INFO  - Test Suite Started: Adding Numbers
[main] INFO io.cucumber.core.plugin.SerenityReporter - Running feature from file:///D:/sample-mobile-automation/src/test/resources/features/project/Akun/TermsAndCondition.feature
[main] WARN io.cucumber.core.plugin.SerenityReporter - Feature from file:///D:/sample-mobile-automation/src/test/resources/features/project/Akun/TermsAndCondition.feature is not under the 'features' directory. Requirements report will not be correctly generated!
[main] INFO  - Test Suite Started: Terms and Condition
[main] INFO io.cucumber.core.plugin.SerenityReporter - Running feature from file:///D:/sample-mobile-automation/src/test/resources/features/project/Akun/Voucher.feature
[main] WARN io.cucumber.core.plugin.SerenityReporter - Feature from file:///D:/sample-mobile-automation/src/test/resources/features/project/Akun/Voucher.feature is not under the 'features' directory. Requirements report will not be correctly generated!
[main] INFO  - Test Suite Started: Voucher
[main] INFO io.cucumber.core.plugin.SerenityReporter - Running feature from file:///D:/sample-mobile-automation/src/test/resources/features/project/Authorization/Login.feature
[main] WARN io.cucumber.core.plugin.SerenityReporter - Feature from file:///D:/sample-mobile-automation/src/test/resources/features/project/Authorization/Login.feature is not under the 'features' directory. Requirements report will not be correctly generated!
[main] INFO  - Test Suite Started: Login
[main] INFO io.cucumber.core.plugin.SerenityReporter - Running feature from file:///D:/sample-mobile-automation/src/test/resources/features/project/Authorization/Logout.feature
[main] WARN io.cucumber.core.plugin.SerenityReporter - Feature from file:///D:/sample-mobile-automation/src/test/resources/features/project/Authorization/Logout.feature is not under the 'features' directory. Requirements report will not be correctly generated!
[main] INFO  - Test Suite Started: Logout
[main] INFO io.cucumber.core.plugin.SerenityReporter - Running feature from file:///D:/sample-mobile-automation/src/test/resources/features/project/Authorization/Register.feature
[main] WARN io.cucumber.core.plugin.SerenityReporter - Feature from file:///D:/sample-mobile-automation/src/test/resources/features/project/Authorization/Register.feature is not under the 'features' directory. Requirements report will not be correctly generated!
[main] INFO  - Test Suite Started: Register
[main] INFO io.cucumber.core.plugin.SerenityReporter - Running feature from file:///D:/sample-mobile-automation/src/test/resources/features/project/Faq/Faq.feature
[main] WARN io.cucumber.core.plugin.SerenityReporter - Feature from file:///D:/sample-mobile-automation/src/test/resources/features/project/Faq/Faq.feature is not under the 'features' directory. Requirements report will not be correctly generated!
[main] INFO  - Test Suite Started: Faq
[main] INFO io.cucumber.core.plugin.SerenityReporter - Running feature from file:///D:/sample-mobile-automation/src/test/resources/features/project/History%20Transaction/HistorybyFilter.feature
[main] WARN io.cucumber.core.plugin.SerenityReporter - Feature from file:///D:/sample-mobile-automation/src/test/resources/features/project/History%20Transaction/HistorybyFilter.feature is not under the 'features' directory. Requirements report will not be correctly generated!
[main] INFO  - Test Suite Started: History
[main] INFO io.cucumber.core.plugin.SerenityReporter - Running feature from file:///D:/sample-mobile-automation/src/test/resources/features/project/Home/TopUp.feature
[main] WARN io.cucumber.core.plugin.SerenityReporter - Feature from file:///D:/sample-mobile-automation/src/test/resources/features/project/Home/TopUp.feature is not under the 'features' directory. Requirements report will not be correctly generated!
[main] INFO  - Test Suite Started: Topup
[main] INFO io.cucumber.core.plugin.SerenityReporter - Running feature from file:///D:/sample-mobile-automation/src/test/resources/features/project/Transaction/BPJS.feature
[main] WARN io.cucumber.core.plugin.SerenityReporter - Feature from file:///D:/sample-mobile-automation/src/test/resources/features/project/Transaction/BPJS.feature is not under the 'features' directory. Requirements report will not be correctly generated!
[main] INFO  - Test Suite Started: BPJS
[main] INFO io.cucumber.core.plugin.SerenityReporter - Running feature from file:///D:/sample-mobile-automation/src/test/resources/features/project/Transaction/Data.feature
[main] WARN io.cucumber.core.plugin.SerenityReporter - Feature from file:///D:/sample-mobile-automation/src/test/resources/features/project/Transaction/Data.feature is not under the 'features' directory. Requirements report will not be correctly generated!
[main] INFO  - Test Suite Started: Paket Data
[main] INFO io.cucumber.core.plugin.SerenityReporter - Running feature from file:///D:/sample-mobile-automation/src/test/resources/features/project/Transaction/Listrik.feature
[main] WARN io.cucumber.core.plugin.SerenityReporter - Feature from file:///D:/sample-mobile-automation/src/test/resources/features/project/Transaction/Listrik.feature is not under the 'features' directory. Requirements report will not be correctly generated!
[main] INFO  - Test Suite Started: Listrik
[main] INFO io.cucumber.core.plugin.SerenityReporter - Running feature from file:///D:/sample-mobile-automation/src/test/resources/features/project/Transaction/PDAM.feature
[main] WARN io.cucumber.core.plugin.SerenityReporter - Feature from file:///D:/sample-mobile-automation/src/test/resources/features/project/Transaction/PDAM.feature is not under the 'features' directory. Requirements report will not be correctly generated!
[main] INFO  - Test Suite Started: PDAM
[main] INFO io.cucumber.core.plugin.SerenityReporter - Running feature from file:///D:/sample-mobile-automation/src/test/resources/features/project/Transaction/Pulsa.feature
[main] WARN io.cucumber.core.plugin.SerenityReporter - Feature from file:///D:/sample-mobile-automation/src/test/resources/features/project/Transaction/Pulsa.feature is not under the 'features' directory. Requirements report will not be correctly generated!
[main] INFO  - Test Suite Started: Pulsa
[main] INFO io.cucumber.core.plugin.SerenityReporter - Running feature from file:///D:/sample-mobile-automation/src/test/resources/features/project/Transaction/Shopee.feature
[main] WARN io.cucumber.core.plugin.SerenityReporter - Feature from file:///D:/sample-mobile-automation/src/test/resources/features/project/Transaction/Shopee.feature is not under the 'features' directory. Requirements report will not be correctly generated!
[main] INFO  - Test Suite Started: Shopee
[main] INFO io.cucumber.core.plugin.SerenityReporter - Running feature from file:///D:/sample-mobile-automation/src/test/resources/features/math/adding_numbers.feature
[main] WARN io.cucumber.core.plugin.SerenityReporter - Feature from file:///D:/sample-mobile-automation/src/test/resources/features/math/adding_numbers.feature is not under the 'features' directory. Requirements report will not be correctly generated!
[main] INFO  - 
 _____ _____ ____ _____   ____ _____  _    ____ _____ _____ ____  
|_   _| ____/ ___|_   _| / ___|_   _|/ \  |  _ \_   _| ____|  _ \ 
  | | |  _| \___ \ | |   \___ \ | | / _ \ | |_) || | |  _| | | | |
  | | | |___ ___) || |    ___) || |/ ___ \|  _ < | | | |___| |_| |
  |_| |_____|____/ |_|   |____/ |_/_/   \_\_| \_\|_| |_____|____/ 

Adding two numbers(adding-numbers;adding-two-numbers)
-------------------------------------------------------------------
Dec 19, 2022 2:27:44 PM io.appium.java_client.remote.AppiumCommandExecutor$1 lambda$0
INFO: Detected dialect: W3C
[main] INFO  - 
        __    _____ _____ ____ _____   ____   _    ____  ____  _____ ____  
  _     \ \  |_   _| ____/ ___|_   _| |  _ \ / \  / ___|/ ___|| ____|  _ \ 
 (_)_____| |   | | |  _| \___ \ | |   | |_) / _ \ \___ \\___ \|  _| | | | |
  _|_____| |   | | | |___ ___) || |   |  __/ ___ \ ___) |___) | |___| |_| |
 (_)     | |   |_| |_____|____/ |_|   |_| /_/   \_\____/|____/|_____|____/ 
        /_/                                                                

Adding two numbers
----------------------------------------------------------------------------
]]></system-err>
  </testcase>
  <testcase name="List terms and condition" classname="Terms and Condition" time="42.241">
    <system-err><![CDATA[[main] INFO io.cucumber.core.plugin.SerenityReporter - Running feature from file:///D:/sample-mobile-automation/src/test/resources/features/project/Akun/TermsAndCondition.feature
[main] WARN io.cucumber.core.plugin.SerenityReporter - Feature from file:///D:/sample-mobile-automation/src/test/resources/features/project/Akun/TermsAndCondition.feature is not under the 'features' directory. Requirements report will not be correctly generated!
[main] INFO  - 
 _____ _____ ____ _____   ____ _____  _    ____ _____ _____ ____  
|_   _| ____/ ___|_   _| / ___|_   _|/ \  |  _ \_   _| ____|  _ \ 
  | | |  _| \___ \ | |   \___ \ | | / _ \ | |_) || | |  _| | | | |
  | | | |___ ___) || |    ___) || |/ ___ \|  _ < | | | |___| |_| |
  |_| |_____|____/ |_|   |____/ |_/_/   \_\_| \_\|_| |_____|____/ 

List terms and condition(terms-and-condition;list-terms-and-condition)
-------------------------------------------------------------------
Dec 19, 2022 2:28:07 PM io.appium.java_client.remote.AppiumCommandExecutor$1 lambda$0
INFO: Detected dialect: W3C
[main] INFO  - 
        __    _____ _____ ____ _____   ____   _    ____  ____  _____ ____  
  _     \ \  |_   _| ____/ ___|_   _| |  _ \ / \  / ___|/ ___|| ____|  _ \ 
 (_)_____| |   | | |  _| \___ \ | |   | |_) / _ \ \___ \\___ \|  _| | | | |
  _|_____| |   | | | |___ ___) || |   |  __/ ___ \ ___) |___) | |___| |_| |
 (_)     | |   |_| |_____|____/ |_|   |_| /_/   \_\____/|____/|_____|____/ 
        /_/                                                                

List terms and condition
----------------------------------------------------------------------------
]]></system-err>
  </testcase>
  <testcase name="See detail one of term and condition" classname="Terms and Condition" time="59.527">
    <system-err><![CDATA[[main] INFO io.cucumber.core.plugin.SerenityReporter - Running feature from file:///D:/sample-mobile-automation/src/test/resources/features/project/Akun/TermsAndCondition.feature
[main] WARN io.cucumber.core.plugin.SerenityReporter - Feature from file:///D:/sample-mobile-automation/src/test/resources/features/project/Akun/TermsAndCondition.feature is not under the 'features' directory. Requirements report will not be correctly generated!
[main] INFO  - 
 _____ _____ ____ _____   ____ _____  _    ____ _____ _____ ____  
|_   _| ____/ ___|_   _| / ___|_   _|/ \  |  _ \_   _| ____|  _ \ 
  | | |  _| \___ \ | |   \___ \ | | / _ \ | |_) || | |  _| | | | |
  | | | |___ ___) || |    ___) || |/ ___ \|  _ < | | | |___| |_| |
  |_| |_____|____/ |_|   |____/ |_/_/   \_\_| \_\|_| |_____|____/ 

See detail one of term and condition(terms-and-condition;see-detail-one-of-term-and-condition)
-------------------------------------------------------------------
Dec 19, 2022 2:29:03 PM io.appium.java_client.remote.AppiumCommandExecutor$1 lambda$0
INFO: Detected dialect: W3C
[main] INFO  - 
        __    _____ _____ ____ _____   ____   _    ____  ____  _____ ____  
  _     \ \  |_   _| ____/ ___|_   _| |  _ \ / \  / ___|/ ___|| ____|  _ \ 
 (_)_____| |   | | |  _| \___ \ | |   | |_) / _ \ \___ \\___ \|  _| | | | |
  _|_____| |   | | | |___ ___) || |   |  __/ ___ \ ___) |___) | |___| |_| |
 (_)     | |   |_| |_____|____/ |_|   |_| /_/   \_\____/|____/|_____|____/ 
        /_/                                                                

See detail one of term and condition
----------------------------------------------------------------------------
]]></system-err>
  </testcase>
  <testcase name="Voucher" classname="Voucher" time="56.118">
    <system-err><![CDATA[[main] INFO io.cucumber.core.plugin.SerenityReporter - Running feature from file:///D:/sample-mobile-automation/src/test/resources/features/project/Akun/Voucher.feature
[main] WARN io.cucumber.core.plugin.SerenityReporter - Feature from file:///D:/sample-mobile-automation/src/test/resources/features/project/Akun/Voucher.feature is not under the 'features' directory. Requirements report will not be correctly generated!
[main] INFO  - 
 _____ _____ ____ _____   ____ _____  _    ____ _____ _____ ____  
|_   _| ____/ ___|_   _| / ___|_   _|/ \  |  _ \_   _| ____|  _ \ 
  | | |  _| \___ \ | |   \___ \ | | / _ \ | |_) || | |  _| | | | |
  | | | |___ ___) || |    ___) || |/ ___ \|  _ < | | | |___| |_| |
  |_| |_____|____/ |_|   |____/ |_/_/   \_\_| \_\|_| |_____|____/ 

Voucher(voucher;voucher)
-------------------------------------------------------------------
Dec 19, 2022 2:30:01 PM io.appium.java_client.remote.AppiumCommandExecutor$1 lambda$0
INFO: Detected dialect: W3C
[main] INFO  - 
        __    _____ _____ ____ _____   ____   _    ____  ____  _____ ____  
  _     \ \  |_   _| ____/ ___|_   _| |  _ \ / \  / ___|/ ___|| ____|  _ \ 
 (_)_____| |   | | |  _| \___ \ | |   | |_) / _ \ \___ \\___ \|  _| | | | |
  _|_____| |   | | | |___ ___) || |   |  __/ ___ \ ___) |___) | |___| |_| |
 (_)     | |   |_| |_____|____/ |_|   |_| /_/   \_\____/|____/|_____|____/ 
        /_/                                                                

Voucher
----------------------------------------------------------------------------
]]></system-err>
  </testcase>
  <testcase name="Login #1" classname="Login" time="36.704">
    <system-err><![CDATA[[main] INFO io.cucumber.core.plugin.SerenityReporter - Running feature from file:///D:/sample-mobile-automation/src/test/resources/features/project/Authorization/Login.feature
[main] WARN io.cucumber.core.plugin.SerenityReporter - Feature from file:///D:/sample-mobile-automation/src/test/resources/features/project/Authorization/Login.feature is not under the 'features' directory. Requirements report will not be correctly generated!
[main] INFO  - 
 _____ _____ ____ _____   ____ _____  _    ____ _____ _____ ____  
|_   _| ____/ ___|_   _| / ___|_   _|/ \  |  _ \_   _| ____|  _ \ 
  | | |  _| \___ \ | |   \___ \ | | / _ \ | |_) || | |  _| | | | |
  | | | |___ ___) || |    ___) || |/ ___ \|  _ < | | | |___| |_| |
  |_| |_____|____/ |_|   |____/ |_/_/   \_\_| \_\|_| |_____|____/ 

Login(login;login)
-------------------------------------------------------------------
Dec 19, 2022 2:30:44 PM io.appium.java_client.remote.AppiumCommandExecutor$1 lambda$0
INFO: Detected dialect: W3C
org.openqa.selenium.InvalidElementStateException: Swipe action cannot be performed
Build info: version: '3.141.59', revision: 'e82be7d358', time: '2018-11-14T08:17:03'
System info: host: 'LAPTOP-5E06L7H7', ip: '127.0.0.1', os.name: 'Windows 10', os.arch: 'amd64', os.version: '10.0', java.version: '15.0.2'
Driver info: io.appium.java_client.android.AndroidDriver
Capabilities {app: D:\sample-mobile-automation..., appPackage: com.example.ppodb_2, automationName: UiAutomator2, databaseEnabled: false, desired: {app: D:\sample-mobile-automation..., automationName: UiAutomator2, platformName: android, platformVersion: 12}, deviceApiLevel: 31, deviceManufacturer: samsung, deviceModel: SM-A135F, deviceName: RR8T900W7LF, deviceScreenDensity: 450, deviceScreenSize: 1080x2408, deviceUDID: RR8T900W7LF, javascriptEnabled: true, locationContextEnabled: false, networkConnectionEnabled: true, pixelRatio: 2.8125, platform: LINUX, platformName: Android, platformVersion: 12, statBarHeight: 66, takesScreenshot: true, viewportRect: {height: 2277, left: 0, top: 66, width: 1080}, warnings: {}, webStorageEnabled: false}
Session ID: 4de20071-9889-44b9-bf13-5cac38d38f90
	at java.base/jdk.internal.reflect.NativeConstructorAccessorImpl.newInstance0(Native Method)
	at java.base/jdk.internal.reflect.NativeConstructorAccessorImpl.newInstance(NativeConstructorAccessorImpl.java:64)
	at java.base/jdk.internal.reflect.DelegatingConstructorAccessorImpl.newInstance(DelegatingConstructorAccessorImpl.java:45)
	at java.base/java.lang.reflect.Constructor.newInstanceWithCaller(Constructor.java:500)
	at java.base/java.lang.reflect.Constructor.newInstance(Constructor.java:481)
	at org.openqa.selenium.remote.http.W3CHttpResponseCodec.createException(W3CHttpResponseCodec.java:187)
	at org.openqa.selenium.remote.http.W3CHttpResponseCodec.decode(W3CHttpResponseCodec.java:122)
	at org.openqa.selenium.remote.http.W3CHttpResponseCodec.decode(W3CHttpResponseCodec.java:49)
	at org.openqa.selenium.remote.HttpCommandExecutor.execute(HttpCommandExecutor.java:158)
	at io.appium.java_client.remote.AppiumCommandExecutor.execute(AppiumCommandExecutor.java:250)
	at org.openqa.selenium.remote.RemoteWebDriver.execute(RemoteWebDriver.java:552)
	at io.appium.java_client.DefaultGenericMobileDriver.execute(DefaultGenericMobileDriver.java:41)
	at io.appium.java_client.AppiumDriver.execute(AppiumDriver.java:1)
	at io.appium.java_client.android.AndroidDriver.execute(AndroidDriver.java:1)
	at io.appium.java_client.PerformsTouchActions.performTouchAction(PerformsTouchActions.java:41)
	at io.appium.java_client.TouchAction.perform(TouchAction.java:187)
	at sample.mobile.automation@1.0-SNAPSHOT/com.example.app.base.BasePageObject.scrollUp(BasePageObject.java:63)
	at sample.mobile.automation@1.0-SNAPSHOT/com.example.app.Features.Login.clickMasukBtn(Login.java:38)
	at sample.mobile.automation@1.0-SNAPSHOT/com.example.steps.LoginStepdefs.iClickMasukButton(LoginStepdefs.java:25)
	at java.base/jdk.internal.reflect.NativeMethodAccessorImpl.invoke0(Native Method)
	at java.base/jdk.internal.reflect.NativeMethodAccessorImpl.invoke(NativeMethodAccessorImpl.java:64)
	at java.base/jdk.internal.reflect.DelegatingMethodAccessorImpl.invoke(DelegatingMethodAccessorImpl.java:43)
	at java.base/java.lang.reflect.Method.invoke(Method.java:564)
	at io.cucumber.java.Invoker.doInvoke(Invoker.java:66)
	at io.cucumber.java.Invoker.invoke(Invoker.java:24)
	at io.cucumber.java.AbstractGlueDefinition.invokeMethod(AbstractGlueDefinition.java:47)
	at io.cucumber.java.JavaStepDefinition.execute(JavaStepDefinition.java:29)
	at io.cucumber.core.runner.CoreStepDefinition.execute(CoreStepDefinition.java:66)
	at io.cucumber.core.runner.PickleStepDefinitionMatch.runStep(PickleStepDefinitionMatch.java:63)
	at io.cucumber.core.runner.TestStep.executeStep(TestStep.java:92)
	at io.cucumber.core.runner.TestStep.run(TestStep.java:63)
	at io.cucumber.core.runner.PickleStepTestStep.run(PickleStepTestStep.java:49)
	at io.cucumber.core.runner.TestCase.run(TestCase.java:99)
	at io.cucumber.core.runner.Runner.runPickle(Runner.java:71)
	at io.cucumber.junit.PickleRunners$NoStepDescriptions.run(PickleRunners.java:151)
	at io.cucumber.junit.FeatureRunner.runChild(FeatureRunner.java:135)
	at io.cucumber.junit.FeatureRunner.runChild(FeatureRunner.java:27)
	at org.junit.runners.ParentRunner$3.run(ParentRunner.java:290)
	at org.junit.runners.ParentRunner$1.schedule(ParentRunner.java:71)
	at org.junit.runners.ParentRunner.runChildren(ParentRunner.java:288)
	at org.junit.runners.ParentRunner.access$000(ParentRunner.java:58)
	at org.junit.runners.ParentRunner$2.evaluate(ParentRunner.java:268)
	at org.junit.runners.ParentRunner.run(ParentRunner.java:363)
	at io.cucumber.junit.CucumberSerenityRunner.runChild(CucumberSerenityRunner.java:234)
	at io.cucumber.junit.CucumberSerenityRunner.runChild(CucumberSerenityRunner.java:57)
	at org.junit.runners.ParentRunner$3.run(ParentRunner.java:290)
	at org.junit.runners.ParentRunner$1.schedule(ParentRunner.java:71)
	at org.junit.runners.ParentRunner.runChildren(ParentRunner.java:288)
	at org.junit.runners.ParentRunner.access$000(ParentRunner.java:58)
	at org.junit.runners.ParentRunner$2.evaluate(ParentRunner.java:268)
	at io.cucumber.junit.CucumberSerenityRunner$RunCucumber.evaluate(CucumberSerenityRunner.java:262)
	at org.junit.runners.ParentRunner.run(ParentRunner.java:363)
	at org.junit.runner.JUnitCore.run(JUnitCore.java:137)
	at org.junit.runner.JUnitCore.run(JUnitCore.java:115)
	at org.junit.vintage.engine.execution.RunnerExecutor.execute(RunnerExecutor.java:40)
	at java.base/java.util.stream.ForEachOps$ForEachOp$OfRef.accept(ForEachOps.java:183)
	at java.base/java.util.stream.ReferencePipeline$3$1.accept(ReferencePipeline.java:195)
	at java.base/java.util.Iterator.forEachRemaining(Iterator.java:133)
	at java.base/java.util.Spliterators$IteratorSpliterator.forEachRemaining(Spliterators.java:1801)
	at java.base/java.util.stream.AbstractPipeline.copyInto(AbstractPipeline.java:484)
	at java.base/java.util.stream.AbstractPipeline.wrapAndCopyInto(AbstractPipeline.java:474)
	at java.base/java.util.stream.ForEachOps$ForEachOp.evaluateSequential(ForEachOps.java:150)
	at java.base/java.util.stream.ForEachOps$ForEachOp$OfRef.evaluateSequential(ForEachOps.java:173)
	at java.base/java.util.stream.AbstractPipeline.evaluate(AbstractPipeline.java:234)
	at java.base/java.util.stream.ReferencePipeline.forEach(ReferencePipeline.java:497)
	at org.junit.vintage.engine.VintageTestEngine.executeAllChildren(VintageTestEngine.java:80)
	at org.junit.vintage.engine.VintageTestEngine.execute(VintageTestEngine.java:71)
	at org.junit.platform.launcher.core.DefaultLauncher.execute(DefaultLauncher.java:229)
	at org.junit.platform.launcher.core.DefaultLauncher.lambda$execute$6(DefaultLauncher.java:197)
	at org.junit.platform.launcher.core.DefaultLauncher.withInterceptedStreams(DefaultLauncher.java:211)
	at org.junit.platform.launcher.core.DefaultLauncher.execute(DefaultLauncher.java:191)
	at org.junit.platform.launcher.core.DefaultLauncher.execute(DefaultLauncher.java:128)
	at org.apache.maven.surefire.junitplatform.JUnitPlatformProvider.execute(JUnitPlatformProvider.java:188)
	at org.apache.maven.surefire.junitplatform.JUnitPlatformProvider.invokeAllTests(JUnitPlatformProvider.java:154)
	at org.apache.maven.surefire.junitplatform.JUnitPlatformProvider.invoke(JUnitPlatformProvider.java:128)
	at org.apache.maven.surefire.booter.ForkedBooter.runSuitesInProcess(ForkedBooter.java:428)
	at org.apache.maven.surefire.booter.ForkedBooter.execute(ForkedBooter.java:162)
	at org.apache.maven.surefire.booter.ForkedBooter.run(ForkedBooter.java:562)
	at org.apache.maven.surefire.booter.ForkedBooter.main(ForkedBooter.java:548)
[main] INFO  - 
        __    _____ _____ ____ _____   ____   _    ____  ____  _____ ____  
  _     \ \  |_   _| ____/ ___|_   _| |  _ \ / \  / ___|/ ___|| ____|  _ \ 
 (_)_____| |   | | |  _| \___ \ | |   | |_) / _ \ \___ \\___ \|  _| | | | |
  _|_____| |   | | | |___ ___) || |   |  __/ ___ \ ___) |___) | |___| |_| |
 (_)     | |   |_| |_____|____/ |_|   |_| /_/   \_\____/|____/|_____|____/ 
        /_/                                                                

Login
----------------------------------------------------------------------------
]]></system-err>
  </testcase>
  <testcase name="Login #2" classname="Login" time="39.25">
    <system-err><![CDATA[[main] INFO io.cucumber.core.plugin.SerenityReporter - Running feature from file:///D:/sample-mobile-automation/src/test/resources/features/project/Authorization/Login.feature
[main] WARN io.cucumber.core.plugin.SerenityReporter - Feature from file:///D:/sample-mobile-automation/src/test/resources/features/project/Authorization/Login.feature is not under the 'features' directory. Requirements report will not be correctly generated!
Dec 19, 2022 2:31:23 PM io.appium.java_client.remote.AppiumCommandExecutor$1 lambda$0
INFO: Detected dialect: W3C
[main] INFO  - 
        __    _____ _____ ____ _____   ____   _    ____  ____  _____ ____  
  _     \ \  |_   _| ____/ ___|_   _| |  _ \ / \  / ___|/ ___|| ____|  _ \ 
 (_)_____| |   | | |  _| \___ \ | |   | |_) / _ \ \___ \\___ \|  _| | | | |
  _|_____| |   | | | |___ ___) || |   |  __/ ___ \ ___) |___) | |___| |_| |
 (_)     | |   |_| |_____|____/ |_|   |_| /_/   \_\____/|____/|_____|____/ 
        /_/                                                                

Login
----------------------------------------------------------------------------
]]></system-err>
  </testcase>
  <testcase name="Login #3" classname="Login" time="40.637">
    <error type="org.openqa.selenium.TimeoutException"><![CDATA[org.openqa.selenium.TimeoutException: Expected condition failed: waiting for visibility of element located by By.xpath: //android.view.View[@content-desc="Masuk"] (tried for 20 second(s) with 3000 milliseconds interval)
Caused by: org.openqa.selenium.NoSuchElementException: 
An element could not be located on the page using the given search parameters.
For documentation on this error, please visit: https://www.seleniumhq.org/exceptions/no_such_element.html
Build info: version: '3.141.59', revision: 'e82be7d358', time: '2018-11-14T08:17:03'
System info: host: 'LAPTOP-5E06L7H7', ip: '127.0.0.1', os.name: 'Windows 10', os.arch: 'amd64', os.version: '10.0', java.version: '15.0.2'
Driver info: io.appium.java_client.android.AndroidDriver
Capabilities {app: D:\sample-mobile-automation..., appPackage: com.example.ppodb_2, automationName: UiAutomator2, databaseEnabled: false, desired: {app: D:\sample-mobile-automation..., automationName: UiAutomator2, platformName: android, platformVersion: 12}, deviceApiLevel: 31, deviceManufacturer: samsung, deviceModel: SM-A135F, deviceName: RR8T900W7LF, deviceScreenDensity: 450, deviceScreenSize: 1080x2408, deviceUDID: RR8T900W7LF, javascriptEnabled: true, locationContextEnabled: false, networkConnectionEnabled: true, pixelRatio: 2.8125, platform: LINUX, platformName: Android, platformVersion: 12, statBarHeight: 66, takesScreenshot: true, viewportRect: {height: 2277, left: 0, top: 66, width: 1080}, warnings: {}, webStorageEnabled: false}
Session ID: b4d4f01c-5688-435a-a8c2-dcf0c94dd829
*** Element info: {Using=xpath, value=//android.view.View[@content-desc="Masuk"]}
]]></error>
    <system-err><![CDATA[[main] INFO io.cucumber.core.plugin.SerenityReporter - Running feature from file:///D:/sample-mobile-automation/src/test/resources/features/project/Authorization/Login.feature
[main] WARN io.cucumber.core.plugin.SerenityReporter - Feature from file:///D:/sample-mobile-automation/src/test/resources/features/project/Authorization/Login.feature is not under the 'features' directory. Requirements report will not be correctly generated!
Dec 19, 2022 2:31:57 PM io.appium.java_client.remote.AppiumCommandExecutor$1 lambda$0
INFO: Detected dialect: W3C
]]></system-err>
  </testcase>
  <testcase name="Login #4" classname="Login" time="30.085">
    <system-err><![CDATA[[main] INFO io.cucumber.core.plugin.SerenityReporter - Running feature from file:///D:/sample-mobile-automation/src/test/resources/features/project/Authorization/Login.feature
[main] WARN io.cucumber.core.plugin.SerenityReporter - Feature from file:///D:/sample-mobile-automation/src/test/resources/features/project/Authorization/Login.feature is not under the 'features' directory. Requirements report will not be correctly generated!
Dec 19, 2022 2:32:38 PM io.appium.java_client.remote.AppiumCommandExecutor$1 lambda$0
INFO: Detected dialect: W3C
]]></system-err>
  </testcase>
  <testcase name="Login with phone num #1" classname="Login" time="33.728">
    <system-err><![CDATA[[main] INFO io.cucumber.core.plugin.SerenityReporter - Running feature from file:///D:/sample-mobile-automation/src/test/resources/features/project/Authorization/Login.feature
[main] WARN io.cucumber.core.plugin.SerenityReporter - Feature from file:///D:/sample-mobile-automation/src/test/resources/features/project/Authorization/Login.feature is not under the 'features' directory. Requirements report will not be correctly generated!
[main] INFO  - 
 _____ _____ ____ _____   ____ _____  _    ____ _____ _____ ____  
|_   _| ____/ ___|_   _| / ___|_   _|/ \  |  _ \_   _| ____|  _ \ 
  | | |  _| \___ \ | |   \___ \ | | / _ \ | |_) || | |  _| | | | |
  | | | |___ ___) || |    ___) || |/ ___ \|  _ < | | | |___| |_| |
  |_| |_____|____/ |_|   |____/ |_/_/   \_\_| \_\|_| |_____|____/ 

Login with phone num(login;login-with-phone-num)
-------------------------------------------------------------------
Dec 19, 2022 2:33:11 PM io.appium.java_client.remote.AppiumCommandExecutor$1 lambda$0
INFO: Detected dialect: W3C
[main] INFO  - 
        __    _____ _____ ____ _____   ____   _    ____  ____  _____ ____  
  _     \ \  |_   _| ____/ ___|_   _| |  _ \ / \  / ___|/ ___|| ____|  _ \ 
 (_)_____| |   | | |  _| \___ \ | |   | |_) / _ \ \___ \\___ \|  _| | | | |
  _|_____| |   | | | |___ ___) || |   |  __/ ___ \ ___) |___) | |___| |_| |
 (_)     | |   |_| |_____|____/ |_|   |_| /_/   \_\____/|____/|_____|____/ 
        /_/                                                                

Login with phone num
----------------------------------------------------------------------------
]]></system-err>
  </testcase>
  <testcase name="Login with phone num #2" classname="Login" time="32.835">
    <system-err><![CDATA[[main] INFO io.cucumber.core.plugin.SerenityReporter - Running feature from file:///D:/sample-mobile-automation/src/test/resources/features/project/Authorization/Login.feature
[main] WARN io.cucumber.core.plugin.SerenityReporter - Feature from file:///D:/sample-mobile-automation/src/test/resources/features/project/Authorization/Login.feature is not under the 'features' directory. Requirements report will not be correctly generated!
Dec 19, 2022 2:33:43 PM io.appium.java_client.remote.AppiumCommandExecutor$1 lambda$0
INFO: Detected dialect: W3C
[main] INFO  - 
        __    _____ _____ ____ _____   ____   _    ____  ____  _____ ____  
  _     \ \  |_   _| ____/ ___|_   _| |  _ \ / \  / ___|/ ___|| ____|  _ \ 
 (_)_____| |   | | |  _| \___ \ | |   | |_) / _ \ \___ \\___ \|  _| | | | |
  _|_____| |   | | | |___ ___) || |   |  __/ ___ \ ___) |___) | |___| |_| |
 (_)     | |   |_| |_____|____/ |_|   |_| /_/   \_\____/|____/|_____|____/ 
        /_/                                                                

Login with phone num
----------------------------------------------------------------------------
]]></system-err>
  </testcase>
  <testcase name="Login with phone num #3" classname="Login" time="41.06">
    <system-err><![CDATA[[main] INFO io.cucumber.core.plugin.SerenityReporter - Running feature from file:///D:/sample-mobile-automation/src/test/resources/features/project/Authorization/Login.feature
[main] WARN io.cucumber.core.plugin.SerenityReporter - Feature from file:///D:/sample-mobile-automation/src/test/resources/features/project/Authorization/Login.feature is not under the 'features' directory. Requirements report will not be correctly generated!
Dec 19, 2022 2:34:15 PM io.appium.java_client.remote.AppiumCommandExecutor$1 lambda$0
INFO: Detected dialect: W3C
]]></system-err>
  </testcase>
  <testcase name="Login with phone num #4" classname="Login" time="29.712">
    <system-err><![CDATA[[main] INFO io.cucumber.core.plugin.SerenityReporter - Running feature from file:///D:/sample-mobile-automation/src/test/resources/features/project/Authorization/Login.feature
[main] WARN io.cucumber.core.plugin.SerenityReporter - Feature from file:///D:/sample-mobile-automation/src/test/resources/features/project/Authorization/Login.feature is not under the 'features' directory. Requirements report will not be correctly generated!
Dec 19, 2022 2:34:55 PM io.appium.java_client.remote.AppiumCommandExecutor$1 lambda$0
INFO: Detected dialect: W3C
]]></system-err>
  </testcase>
  <testcase name="Login with phone num #5" classname="Login" time="33.487">
    <system-err><![CDATA[[main] INFO io.cucumber.core.plugin.SerenityReporter - Running feature from file:///D:/sample-mobile-automation/src/test/resources/features/project/Authorization/Login.feature
[main] WARN io.cucumber.core.plugin.SerenityReporter - Feature from file:///D:/sample-mobile-automation/src/test/resources/features/project/Authorization/Login.feature is not under the 'features' directory. Requirements report will not be correctly generated!
Dec 19, 2022 2:35:24 PM io.appium.java_client.remote.AppiumCommandExecutor$1 lambda$0
INFO: Detected dialect: W3C
]]></system-err>
  </testcase>
  <testcase name="Login with phone num #6" classname="Login" time="26.712">
    <system-err><![CDATA[[main] INFO io.cucumber.core.plugin.SerenityReporter - Running feature from file:///D:/sample-mobile-automation/src/test/resources/features/project/Authorization/Login.feature
[main] WARN io.cucumber.core.plugin.SerenityReporter - Feature from file:///D:/sample-mobile-automation/src/test/resources/features/project/Authorization/Login.feature is not under the 'features' directory. Requirements report will not be correctly generated!
Dec 19, 2022 2:35:58 PM io.appium.java_client.remote.AppiumCommandExecutor$1 lambda$0
INFO: Detected dialect: W3C
]]></system-err>
  </testcase>
  <testcase name="Logout" classname="Logout" time="37.426">
    <system-err><![CDATA[[main] INFO io.cucumber.core.plugin.SerenityReporter - Running feature from file:///D:/sample-mobile-automation/src/test/resources/features/project/Authorization/Logout.feature
[main] WARN io.cucumber.core.plugin.SerenityReporter - Feature from file:///D:/sample-mobile-automation/src/test/resources/features/project/Authorization/Logout.feature is not under the 'features' directory. Requirements report will not be correctly generated!
[main] INFO  - 
 _____ _____ ____ _____   ____ _____  _    ____ _____ _____ ____  
|_   _| ____/ ___|_   _| / ___|_   _|/ \  |  _ \_   _| ____|  _ \ 
  | | |  _| \___ \ | |   \___ \ | | / _ \ | |_) || | |  _| | | | |
  | | | |___ ___) || |    ___) || |/ ___ \|  _ < | | | |___| |_| |
  |_| |_____|____/ |_|   |____/ |_/_/   \_\_| \_\|_| |_____|____/ 

Logout(logout;logout)
-------------------------------------------------------------------
Dec 19, 2022 2:36:26 PM io.appium.java_client.remote.AppiumCommandExecutor$1 lambda$0
INFO: Detected dialect: W3C
[main] INFO  - 
        __    _____ _____ ____ _____   ____   _    ____  ____  _____ ____  
  _     \ \  |_   _| ____/ ___|_   _| |  _ \ / \  / ___|/ ___|| ____|  _ \ 
 (_)_____| |   | | |  _| \___ \ | |   | |_) / _ \ \___ \\___ \|  _| | | | |
  _|_____| |   | | | |___ ___) || |   |  __/ ___ \ ___) |___) | |___| |_| |
 (_)     | |   |_| |_____|____/ |_|   |_| /_/   \_\____/|____/|_____|____/ 
        /_/                                                                

Logout
----------------------------------------------------------------------------
]]></system-err>
  </testcase>
  <testcase name="Register page 1 #1" classname="Register" time="30.562">
    <system-err><![CDATA[[main] INFO io.cucumber.core.plugin.SerenityReporter - Running feature from file:///D:/sample-mobile-automation/src/test/resources/features/project/Authorization/Register.feature
[main] WARN io.cucumber.core.plugin.SerenityReporter - Feature from file:///D:/sample-mobile-automation/src/test/resources/features/project/Authorization/Register.feature is not under the 'features' directory. Requirements report will not be correctly generated!
[main] INFO  - 
 _____ _____ ____ _____   ____ _____  _    ____ _____ _____ ____  
|_   _| ____/ ___|_   _| / ___|_   _|/ \  |  _ \_   _| ____|  _ \ 
  | | |  _| \___ \ | |   \___ \ | | / _ \ | |_) || | |  _| | | | |
  | | | |___ ___) || |    ___) || |/ ___ \|  _ < | | | |___| |_| |
  |_| |_____|____/ |_|   |____/ |_/_/   \_\_| \_\|_| |_____|____/ 

Register page 1(register;register-page-1)
-------------------------------------------------------------------
Dec 19, 2022 2:37:05 PM io.appium.java_client.remote.AppiumCommandExecutor$1 lambda$0
INFO: Detected dialect: W3C
[main] INFO  - 
        __    _____ _____ ____ _____   ____   _    ____  ____  _____ ____  
  _     \ \  |_   _| ____/ ___|_   _| |  _ \ / \  / ___|/ ___|| ____|  _ \ 
 (_)_____| |   | | |  _| \___ \ | |   | |_) / _ \ \___ \\___ \|  _| | | | |
  _|_____| |   | | | |___ ___) || |   |  __/ ___ \ ___) |___) | |___| |_| |
 (_)     | |   |_| |_____|____/ |_|   |_| /_/   \_\____/|____/|_____|____/ 
        /_/                                                                

Register page 1
----------------------------------------------------------------------------
]]></system-err>
  </testcase>
  <testcase name="Register page 1 #2" classname="Register" time="30.652">
    <system-err><![CDATA[[main] INFO io.cucumber.core.plugin.SerenityReporter - Running feature from file:///D:/sample-mobile-automation/src/test/resources/features/project/Authorization/Register.feature
[main] WARN io.cucumber.core.plugin.SerenityReporter - Feature from file:///D:/sample-mobile-automation/src/test/resources/features/project/Authorization/Register.feature is not under the 'features' directory. Requirements report will not be correctly generated!
Dec 19, 2022 2:37:36 PM io.appium.java_client.remote.AppiumCommandExecutor$1 lambda$0
INFO: Detected dialect: W3C
[main] INFO  - 
        __    _____ _____ ____ _____   ____   _    ____  ____  _____ ____  
  _     \ \  |_   _| ____/ ___|_   _| |  _ \ / \  / ___|/ ___|| ____|  _ \ 
 (_)_____| |   | | |  _| \___ \ | |   | |_) / _ \ \___ \\___ \|  _| | | | |
  _|_____| |   | | | |___ ___) || |   |  __/ ___ \ ___) |___) | |___| |_| |
 (_)     | |   |_| |_____|____/ |_|   |_| /_/   \_\____/|____/|_____|____/ 
        /_/                                                                

Register page 1
----------------------------------------------------------------------------
]]></system-err>
  </testcase>
  <testcase name="Register page 1 #3" classname="Register" time="25.751">
    <system-err><![CDATA[[main] INFO io.cucumber.core.plugin.SerenityReporter - Running feature from file:///D:/sample-mobile-automation/src/test/resources/features/project/Authorization/Register.feature
[main] WARN io.cucumber.core.plugin.SerenityReporter - Feature from file:///D:/sample-mobile-automation/src/test/resources/features/project/Authorization/Register.feature is not under the 'features' directory. Requirements report will not be correctly generated!
Dec 19, 2022 2:38:05 PM io.appium.java_client.remote.AppiumCommandExecutor$1 lambda$0
INFO: Detected dialect: W3C
]]></system-err>
  </testcase>
  <testcase name="Register page 1 #4" classname="Register" time="23.691">
    <system-err><![CDATA[[main] INFO io.cucumber.core.plugin.SerenityReporter - Running feature from file:///D:/sample-mobile-automation/src/test/resources/features/project/Authorization/Register.feature
[main] WARN io.cucumber.core.plugin.SerenityReporter - Feature from file:///D:/sample-mobile-automation/src/test/resources/features/project/Authorization/Register.feature is not under the 'features' directory. Requirements report will not be correctly generated!
Dec 19, 2022 2:38:29 PM io.appium.java_client.remote.AppiumCommandExecutor$1 lambda$0
INFO: Detected dialect: W3C
]]></system-err>
  </testcase>
  <testcase name="Register page 1 #5" classname="Register" time="25.909">
    <system-err><![CDATA[[main] INFO io.cucumber.core.plugin.SerenityReporter - Running feature from file:///D:/sample-mobile-automation/src/test/resources/features/project/Authorization/Register.feature
[main] WARN io.cucumber.core.plugin.SerenityReporter - Feature from file:///D:/sample-mobile-automation/src/test/resources/features/project/Authorization/Register.feature is not under the 'features' directory. Requirements report will not be correctly generated!
Dec 19, 2022 2:38:52 PM io.appium.java_client.remote.AppiumCommandExecutor$1 lambda$0
INFO: Detected dialect: W3C
]]></system-err>
  </testcase>
  <testcase name="Register page 1 #6" classname="Register" time="26.629">
    <system-err><![CDATA[[main] INFO io.cucumber.core.plugin.SerenityReporter - Running feature from file:///D:/sample-mobile-automation/src/test/resources/features/project/Authorization/Register.feature
[main] WARN io.cucumber.core.plugin.SerenityReporter - Feature from file:///D:/sample-mobile-automation/src/test/resources/features/project/Authorization/Register.feature is not under the 'features' directory. Requirements report will not be correctly generated!
Dec 19, 2022 2:39:18 PM io.appium.java_client.remote.AppiumCommandExecutor$1 lambda$0
INFO: Detected dialect: W3C
]]></system-err>
  </testcase>
  <testcase name="Register page 1 #7" classname="Register" time="23.191">
    <system-err><![CDATA[[main] INFO io.cucumber.core.plugin.SerenityReporter - Running feature from file:///D:/sample-mobile-automation/src/test/resources/features/project/Authorization/Register.feature
[main] WARN io.cucumber.core.plugin.SerenityReporter - Feature from file:///D:/sample-mobile-automation/src/test/resources/features/project/Authorization/Register.feature is not under the 'features' directory. Requirements report will not be correctly generated!
Dec 19, 2022 2:39:45 PM io.appium.java_client.remote.AppiumCommandExecutor$1 lambda$0
INFO: Detected dialect: W3C
]]></system-err>
  </testcase>
  <testcase name="Register page 1 #8" classname="Register" time="25.294">
    <system-err><![CDATA[[main] INFO io.cucumber.core.plugin.SerenityReporter - Running feature from file:///D:/sample-mobile-automation/src/test/resources/features/project/Authorization/Register.feature
[main] WARN io.cucumber.core.plugin.SerenityReporter - Feature from file:///D:/sample-mobile-automation/src/test/resources/features/project/Authorization/Register.feature is not under the 'features' directory. Requirements report will not be correctly generated!
Dec 19, 2022 2:40:09 PM io.appium.java_client.remote.AppiumCommandExecutor$1 lambda$0
INFO: Detected dialect: W3C
]]></system-err>
  </testcase>
  <testcase name="Register page 2 #1" classname="Register" time="62.777">
    <system-err><![CDATA[[main] INFO io.cucumber.core.plugin.SerenityReporter - Running feature from file:///D:/sample-mobile-automation/src/test/resources/features/project/Authorization/Register.feature
[main] WARN io.cucumber.core.plugin.SerenityReporter - Feature from file:///D:/sample-mobile-automation/src/test/resources/features/project/Authorization/Register.feature is not under the 'features' directory. Requirements report will not be correctly generated!
[main] INFO  - 
 _____ _____ ____ _____   ____ _____  _    ____ _____ _____ ____  
|_   _| ____/ ___|_   _| / ___|_   _|/ \  |  _ \_   _| ____|  _ \ 
  | | |  _| \___ \ | |   \___ \ | | / _ \ | |_) || | |  _| | | | |
  | | | |___ ___) || |    ___) || |/ ___ \|  _ < | | | |___| |_| |
  |_| |_____|____/ |_|   |____/ |_/_/   \_\_| \_\|_| |_____|____/ 

Register page 2(register;register-page-2)
-------------------------------------------------------------------
Dec 19, 2022 2:40:33 PM io.appium.java_client.remote.AppiumCommandExecutor$1 lambda$0
INFO: Detected dialect: W3C
[main] INFO  - 
        __    _____ _____ ____ _____   ____   _    ____  ____  _____ ____  
  _     \ \  |_   _| ____/ ___|_   _| |  _ \ / \  / ___|/ ___|| ____|  _ \ 
 (_)_____| |   | | |  _| \___ \ | |   | |_) / _ \ \___ \\___ \|  _| | | | |
  _|_____| |   | | | |___ ___) || |   |  __/ ___ \ ___) |___) | |___| |_| |
 (_)     | |   |_| |_____|____/ |_|   |_| /_/   \_\____/|____/|_____|____/ 
        /_/                                                                

Register page 2
----------------------------------------------------------------------------
]]></system-err>
  </testcase>
  <testcase name="Register page 2 #2" classname="Register" time="57.884">
    <system-err><![CDATA[[main] INFO io.cucumber.core.plugin.SerenityReporter - Running feature from file:///D:/sample-mobile-automation/src/test/resources/features/project/Authorization/Register.feature
[main] WARN io.cucumber.core.plugin.SerenityReporter - Feature from file:///D:/sample-mobile-automation/src/test/resources/features/project/Authorization/Register.feature is not under the 'features' directory. Requirements report will not be correctly generated!
Dec 19, 2022 2:41:44 PM io.appium.java_client.remote.AppiumCommandExecutor$1 lambda$0
INFO: Detected dialect: W3C
[main] INFO  - 
        __    _____ _____ ____ _____   ____   _    ____  ____  _____ ____  
  _     \ \  |_   _| ____/ ___|_   _| |  _ \ / \  / ___|/ ___|| ____|  _ \ 
 (_)_____| |   | | |  _| \___ \ | |   | |_) / _ \ \___ \\___ \|  _| | | | |
  _|_____| |   | | | |___ ___) || |   |  __/ ___ \ ___) |___) | |___| |_| |
 (_)     | |   |_| |_____|____/ |_|   |_| /_/   \_\____/|____/|_____|____/ 
        /_/                                                                

Register page 2
----------------------------------------------------------------------------
]]></system-err>
  </testcase>
  <testcase name="Register page 2 #3" classname="Register" time="48.05">
    <system-err><![CDATA[[main] INFO io.cucumber.core.plugin.SerenityReporter - Running feature from file:///D:/sample-mobile-automation/src/test/resources/features/project/Authorization/Register.feature
[main] WARN io.cucumber.core.plugin.SerenityReporter - Feature from file:///D:/sample-mobile-automation/src/test/resources/features/project/Authorization/Register.feature is not under the 'features' directory. Requirements report will not be correctly generated!
Dec 19, 2022 2:42:36 PM io.appium.java_client.remote.AppiumCommandExecutor$1 lambda$0
INFO: Detected dialect: W3C
]]></system-err>
  </testcase>
  <testcase name="Register page 2 #4" classname="Register" time="43.066">
    <system-err><![CDATA[[main] INFO io.cucumber.core.plugin.SerenityReporter - Running feature from file:///D:/sample-mobile-automation/src/test/resources/features/project/Authorization/Register.feature
[main] WARN io.cucumber.core.plugin.SerenityReporter - Feature from file:///D:/sample-mobile-automation/src/test/resources/features/project/Authorization/Register.feature is not under the 'features' directory. Requirements report will not be correctly generated!
Dec 19, 2022 2:43:23 PM io.appium.java_client.remote.AppiumCommandExecutor$1 lambda$0
INFO: Detected dialect: W3C
]]></system-err>
  </testcase>
  <testcase name="Register page 2 #5" classname="Register" time="40.101">
    <system-err><![CDATA[[main] INFO io.cucumber.core.plugin.SerenityReporter - Running feature from file:///D:/sample-mobile-automation/src/test/resources/features/project/Authorization/Register.feature
[main] WARN io.cucumber.core.plugin.SerenityReporter - Feature from file:///D:/sample-mobile-automation/src/test/resources/features/project/Authorization/Register.feature is not under the 'features' directory. Requirements report will not be correctly generated!
Dec 19, 2022 2:44:07 PM io.appium.java_client.remote.AppiumCommandExecutor$1 lambda$0
INFO: Detected dialect: W3C
]]></system-err>
  </testcase>
  <testcase name="Register page 2 #6" classname="Register" time="46.492">
    <system-err><![CDATA[[main] INFO io.cucumber.core.plugin.SerenityReporter - Running feature from file:///D:/sample-mobile-automation/src/test/resources/features/project/Authorization/Register.feature
[main] WARN io.cucumber.core.plugin.SerenityReporter - Feature from file:///D:/sample-mobile-automation/src/test/resources/features/project/Authorization/Register.feature is not under the 'features' directory. Requirements report will not be correctly generated!
Dec 19, 2022 2:44:45 PM io.appium.java_client.remote.AppiumCommandExecutor$1 lambda$0
INFO: Detected dialect: W3C
]]></system-err>
  </testcase>
  <testcase name="Register page 2 #7" classname="Register" time="43.319">
    <system-err><![CDATA[[main] INFO io.cucumber.core.plugin.SerenityReporter - Running feature from file:///D:/sample-mobile-automation/src/test/resources/features/project/Authorization/Register.feature
[main] WARN io.cucumber.core.plugin.SerenityReporter - Feature from file:///D:/sample-mobile-automation/src/test/resources/features/project/Authorization/Register.feature is not under the 'features' directory. Requirements report will not be correctly generated!
Dec 19, 2022 2:45:31 PM io.appium.java_client.remote.AppiumCommandExecutor$1 lambda$0
INFO: Detected dialect: W3C
]]></system-err>
  </testcase>
  <testcase name="Register page 2 #8" classname="Register" time="45.116">
    <system-err><![CDATA[[main] INFO io.cucumber.core.plugin.SerenityReporter - Running feature from file:///D:/sample-mobile-automation/src/test/resources/features/project/Authorization/Register.feature
[main] WARN io.cucumber.core.plugin.SerenityReporter - Feature from file:///D:/sample-mobile-automation/src/test/resources/features/project/Authorization/Register.feature is not under the 'features' directory. Requirements report will not be correctly generated!
Dec 19, 2022 2:46:16 PM io.appium.java_client.remote.AppiumCommandExecutor$1 lambda$0
INFO: Detected dialect: W3C
]]></system-err>
  </testcase>
  <testcase name="Register with an already" classname="Register" time="46.055">
    <system-err><![CDATA[[main] INFO io.cucumber.core.plugin.SerenityReporter - Running feature from file:///D:/sample-mobile-automation/src/test/resources/features/project/Authorization/Register.feature
[main] WARN io.cucumber.core.plugin.SerenityReporter - Feature from file:///D:/sample-mobile-automation/src/test/resources/features/project/Authorization/Register.feature is not under the 'features' directory. Requirements report will not be correctly generated!
[main] INFO  - 
 _____ _____ ____ _____   ____ _____  _    ____ _____ _____ ____  
|_   _| ____/ ___|_   _| / ___|_   _|/ \  |  _ \_   _| ____|  _ \ 
  | | |  _| \___ \ | |   \___ \ | | / _ \ | |_) || | |  _| | | | |
  | | | |___ ___) || |    ___) || |/ ___ \|  _ < | | | |___| |_| |
  |_| |_____|____/ |_|   |____/ |_/_/   \_\_| \_\|_| |_____|____/ 

Register with an already(register;register-with-an-already)
-------------------------------------------------------------------
Dec 19, 2022 2:47:02 PM io.appium.java_client.remote.AppiumCommandExecutor$1 lambda$0
INFO: Detected dialect: W3C
[main] INFO  - 
        __    _____ _____ ____ _____   ____   _    ____  ____  _____ ____  
  _     \ \  |_   _| ____/ ___|_   _| |  _ \ / \  / ___|/ ___|| ____|  _ \ 
 (_)_____| |   | | |  _| \___ \ | |   | |_) / _ \ \___ \\___ \|  _| | | | |
  _|_____| |   | | | |___ ___) || |   |  __/ ___ \ ___) |___) | |___| |_| |
 (_)     | |   |_| |_____|____/ |_|   |_| /_/   \_\____/|____/|_____|____/ 
        /_/                                                                

Register with an already
----------------------------------------------------------------------------
]]></system-err>
  </testcase>
  <testcase name="Faq" classname="Faq" time="33.073">
    <system-err><![CDATA[[main] INFO io.cucumber.core.plugin.SerenityReporter - Running feature from file:///D:/sample-mobile-automation/src/test/resources/features/project/Faq/Faq.feature
[main] WARN io.cucumber.core.plugin.SerenityReporter - Feature from file:///D:/sample-mobile-automation/src/test/resources/features/project/Faq/Faq.feature is not under the 'features' directory. Requirements report will not be correctly generated!
[main] INFO  - 
 _____ _____ ____ _____   ____ _____  _    ____ _____ _____ ____  
|_   _| ____/ ___|_   _| / ___|_   _|/ \  |  _ \_   _| ____|  _ \ 
  | | |  _| \___ \ | |   \___ \ | | / _ \ | |_) || | |  _| | | | |
  | | | |___ ___) || |    ___) || |/ ___ \|  _ < | | | |___| |_| |
  |_| |_____|____/ |_|   |____/ |_/_/   \_\_| \_\|_| |_____|____/ 

Faq(faq;faq)
-------------------------------------------------------------------
Dec 19, 2022 2:47:46 PM io.appium.java_client.remote.AppiumCommandExecutor$1 lambda$0
INFO: Detected dialect: W3C
[main] INFO  - 
        __    _____ _____ ____ _____   ____   _    ____  ____  _____ ____  
  _     \ \  |_   _| ____/ ___|_   _| |  _ \ / \  / ___|/ ___|| ____|  _ \ 
 (_)_____| |   | | |  _| \___ \ | |   | |_) / _ \ \___ \\___ \|  _| | | | |
  _|_____| |   | | | |___ ___) || |   |  __/ ___ \ ___) |___) | |___| |_| |
 (_)     | |   |_| |_____|____/ |_|   |_| /_/   \_\____/|____/|_____|____/ 
        /_/                                                                

Faq
----------------------------------------------------------------------------
]]></system-err>
  </testcase>
  <testcase name="User will validate theire transaction #1" classname="History" time="54.221">
    <system-err><![CDATA[[main] INFO io.cucumber.core.plugin.SerenityReporter - Running feature from file:///D:/sample-mobile-automation/src/test/resources/features/project/History%20Transaction/HistorybyFilter.feature
[main] WARN io.cucumber.core.plugin.SerenityReporter - Feature from file:///D:/sample-mobile-automation/src/test/resources/features/project/History%20Transaction/HistorybyFilter.feature is not under the 'features' directory. Requirements report will not be correctly generated!
[main] INFO  - 
 _____ _____ ____ _____   ____ _____  _    ____ _____ _____ ____  
|_   _| ____/ ___|_   _| / ___|_   _|/ \  |  _ \_   _| ____|  _ \ 
  | | |  _| \___ \ | |   \___ \ | | / _ \ | |_) || | |  _| | | | |
  | | | |___ ___) || |    ___) || |/ ___ \|  _ < | | | |___| |_| |
  |_| |_____|____/ |_|   |____/ |_/_/   \_\_| \_\|_| |_____|____/ 

User will validate theire transaction(history;user-will-validate-theire-transaction)
-------------------------------------------------------------------
Dec 19, 2022 2:48:29 PM io.appium.java_client.remote.AppiumCommandExecutor$1 lambda$0
INFO: Detected dialect: W3C
[main] INFO  - 
        __    _____ _____ ____ _____   ____   _    ____  ____  _____ ____  
  _     \ \  |_   _| ____/ ___|_   _| |  _ \ / \  / ___|/ ___|| ____|  _ \ 
 (_)_____| |   | | |  _| \___ \ | |   | |_) / _ \ \___ \\___ \|  _| | | | |
  _|_____| |   | | | |___ ___) || |   |  __/ ___ \ ___) |___) | |___| |_| |
 (_)     | |   |_| |_____|____/ |_|   |_| /_/   \_\____/|____/|_____|____/ 
        /_/                                                                

User will validate theire transaction
----------------------------------------------------------------------------
]]></system-err>
  </testcase>
  <testcase name="User will see history list" classname="History" time="31.95">
    <system-err><![CDATA[[main] INFO io.cucumber.core.plugin.SerenityReporter - Running feature from file:///D:/sample-mobile-automation/src/test/resources/features/project/History%20Transaction/HistorybyFilter.feature
[main] WARN io.cucumber.core.plugin.SerenityReporter - Feature from file:///D:/sample-mobile-automation/src/test/resources/features/project/History%20Transaction/HistorybyFilter.feature is not under the 'features' directory. Requirements report will not be correctly generated!
[main] INFO  - 
 _____ _____ ____ _____   ____ _____  _    ____ _____ _____ ____  
|_   _| ____/ ___|_   _| / ___|_   _|/ \  |  _ \_   _| ____|  _ \ 
  | | |  _| \___ \ | |   \___ \ | | / _ \ | |_) || | |  _| | | | |
  | | | |___ ___) || |    ___) || |/ ___ \|  _ < | | | |___| |_| |
  |_| |_____|____/ |_|   |____/ |_/_/   \_\_| \_\|_| |_____|____/ 

User will see history list(history;user-will-see-history-list)
-------------------------------------------------------------------
Dec 19, 2022 2:49:15 PM io.appium.java_client.remote.AppiumCommandExecutor$1 lambda$0
INFO: Detected dialect: W3C
[main] INFO  - 
        __    _____ _____ ____ _____   ____   _    ____  ____  _____ ____  
  _     \ \  |_   _| ____/ ___|_   _| |  _ \ / \  / ___|/ ___|| ____|  _ \ 
 (_)_____| |   | | |  _| \___ \ | |   | |_) / _ \ \___ \\___ \|  _| | | | |
  _|_____| |   | | | |___ ___) || |   |  __/ ___ \ ___) |___) | |___| |_| |
 (_)     | |   |_| |_____|____/ |_|   |_| /_/   \_\____/|____/|_____|____/ 
        /_/                                                                

User will see history list
----------------------------------------------------------------------------
]]></system-err>
  </testcase>
  <testcase name="User will validate theire transaction #2" classname="History" time="40.584">
    <system-err><![CDATA[[main] INFO io.cucumber.core.plugin.SerenityReporter - Running feature from file:///D:/sample-mobile-automation/src/test/resources/features/project/History%20Transaction/HistorybyFilter.feature
[main] WARN io.cucumber.core.plugin.SerenityReporter - Feature from file:///D:/sample-mobile-automation/src/test/resources/features/project/History%20Transaction/HistorybyFilter.feature is not under the 'features' directory. Requirements report will not be correctly generated!
[main] INFO  - 
 _____ _____ ____ _____   ____ _____  _    ____ _____ _____ ____  
|_   _| ____/ ___|_   _| / ___|_   _|/ \  |  _ \_   _| ____|  _ \ 
  | | |  _| \___ \ | |   \___ \ | | / _ \ | |_) || | |  _| | | | |
  | | | |___ ___) || |    ___) || |/ ___ \|  _ < | | | |___| |_| |
  |_| |_____|____/ |_|   |____/ |_/_/   \_\_| \_\|_| |_____|____/ 

User will validate theire transaction(history;user-will-validate-theire-transaction)
-------------------------------------------------------------------
Dec 19, 2022 2:49:47 PM io.appium.java_client.remote.AppiumCommandExecutor$1 lambda$0
INFO: Detected dialect: W3C
org.openqa.selenium.InvalidElementStateException: Swipe action cannot be performed
Build info: version: '3.141.59', revision: 'e82be7d358', time: '2018-11-14T08:17:03'
System info: host: 'LAPTOP-5E06L7H7', ip: '127.0.0.1', os.name: 'Windows 10', os.arch: 'amd64', os.version: '10.0', java.version: '15.0.2'
Driver info: io.appium.java_client.android.AndroidDriver
Capabilities {app: D:\sample-mobile-automation..., appPackage: com.example.ppodb_2, automationName: UiAutomator2, databaseEnabled: false, desired: {app: D:\sample-mobile-automation..., automationName: UiAutomator2, platformName: android, platformVersion: 12}, deviceApiLevel: 31, deviceManufacturer: samsung, deviceModel: SM-A135F, deviceName: RR8T900W7LF, deviceScreenDensity: 450, deviceScreenSize: 1080x2408, deviceUDID: RR8T900W7LF, javascriptEnabled: true, locationContextEnabled: false, networkConnectionEnabled: true, pixelRatio: 2.8125, platform: LINUX, platformName: Android, platformVersion: 12, statBarHeight: 66, takesScreenshot: true, viewportRect: {height: 2277, left: 0, top: 66, width: 1080}, warnings: {}, webStorageEnabled: false}
Session ID: b03a39a0-13f9-4235-a4f6-1e27348cbaca
	at java.base/jdk.internal.reflect.NativeConstructorAccessorImpl.newInstance0(Native Method)
	at java.base/jdk.internal.reflect.NativeConstructorAccessorImpl.newInstance(NativeConstructorAccessorImpl.java:64)
	at java.base/jdk.internal.reflect.DelegatingConstructorAccessorImpl.newInstance(DelegatingConstructorAccessorImpl.java:45)
	at java.base/java.lang.reflect.Constructor.newInstanceWithCaller(Constructor.java:500)
	at java.base/java.lang.reflect.Constructor.newInstance(Constructor.java:481)
	at org.openqa.selenium.remote.http.W3CHttpResponseCodec.createException(W3CHttpResponseCodec.java:187)
	at org.openqa.selenium.remote.http.W3CHttpResponseCodec.decode(W3CHttpResponseCodec.java:122)
	at org.openqa.selenium.remote.http.W3CHttpResponseCodec.decode(W3CHttpResponseCodec.java:49)
	at org.openqa.selenium.remote.HttpCommandExecutor.execute(HttpCommandExecutor.java:158)
	at io.appium.java_client.remote.AppiumCommandExecutor.execute(AppiumCommandExecutor.java:250)
	at org.openqa.selenium.remote.RemoteWebDriver.execute(RemoteWebDriver.java:552)
	at io.appium.java_client.DefaultGenericMobileDriver.execute(DefaultGenericMobileDriver.java:41)
	at io.appium.java_client.AppiumDriver.execute(AppiumDriver.java:1)
	at io.appium.java_client.android.AndroidDriver.execute(AndroidDriver.java:1)
	at io.appium.java_client.PerformsTouchActions.performTouchAction(PerformsTouchActions.java:41)
	at io.appium.java_client.TouchAction.perform(TouchAction.java:187)
	at sample.mobile.automation@1.0-SNAPSHOT/com.example.app.base.BasePageObject.scrollUp(BasePageObject.java:63)
	at sample.mobile.automation@1.0-SNAPSHOT/com.example.app.Features.History.clickPaymentM(History.java:43)
	at sample.mobile.automation@1.0-SNAPSHOT/com.example.steps.HistoryStepdefs.iBuyPaketData(HistoryStepdefs.java:49)
	at java.base/jdk.internal.reflect.NativeMethodAccessorImpl.invoke0(Native Method)
	at java.base/jdk.internal.reflect.NativeMethodAccessorImpl.invoke(NativeMethodAccessorImpl.java:64)
	at java.base/jdk.internal.reflect.DelegatingMethodAccessorImpl.invoke(DelegatingMethodAccessorImpl.java:43)
	at java.base/java.lang.reflect.Method.invoke(Method.java:564)
	at io.cucumber.java.Invoker.doInvoke(Invoker.java:66)
	at io.cucumber.java.Invoker.invoke(Invoker.java:24)
	at io.cucumber.java.AbstractGlueDefinition.invokeMethod(AbstractGlueDefinition.java:47)
	at io.cucumber.java.JavaStepDefinition.execute(JavaStepDefinition.java:29)
	at io.cucumber.core.runner.CoreStepDefinition.execute(CoreStepDefinition.java:66)
	at io.cucumber.core.runner.PickleStepDefinitionMatch.runStep(PickleStepDefinitionMatch.java:63)
	at io.cucumber.core.runner.TestStep.executeStep(TestStep.java:92)
	at io.cucumber.core.runner.TestStep.run(TestStep.java:63)
	at io.cucumber.core.runner.PickleStepTestStep.run(PickleStepTestStep.java:49)
	at io.cucumber.core.runner.TestCase.run(TestCase.java:99)
	at io.cucumber.core.runner.Runner.runPickle(Runner.java:71)
	at io.cucumber.junit.PickleRunners$NoStepDescriptions.run(PickleRunners.java:151)
	at io.cucumber.junit.FeatureRunner.runChild(FeatureRunner.java:135)
	at io.cucumber.junit.FeatureRunner.runChild(FeatureRunner.java:27)
	at org.junit.runners.ParentRunner$3.run(ParentRunner.java:290)
	at org.junit.runners.ParentRunner$1.schedule(ParentRunner.java:71)
	at org.junit.runners.ParentRunner.runChildren(ParentRunner.java:288)
	at org.junit.runners.ParentRunner.access$000(ParentRunner.java:58)
	at org.junit.runners.ParentRunner$2.evaluate(ParentRunner.java:268)
	at org.junit.runners.ParentRunner.run(ParentRunner.java:363)
	at io.cucumber.junit.CucumberSerenityRunner.runChild(CucumberSerenityRunner.java:234)
	at io.cucumber.junit.CucumberSerenityRunner.runChild(CucumberSerenityRunner.java:57)
	at org.junit.runners.ParentRunner$3.run(ParentRunner.java:290)
	at org.junit.runners.ParentRunner$1.schedule(ParentRunner.java:71)
	at org.junit.runners.ParentRunner.runChildren(ParentRunner.java:288)
	at org.junit.runners.ParentRunner.access$000(ParentRunner.java:58)
	at org.junit.runners.ParentRunner$2.evaluate(ParentRunner.java:268)
	at io.cucumber.junit.CucumberSerenityRunner$RunCucumber.evaluate(CucumberSerenityRunner.java:262)
	at org.junit.runners.ParentRunner.run(ParentRunner.java:363)
	at org.junit.runner.JUnitCore.run(JUnitCore.java:137)
	at org.junit.runner.JUnitCore.run(JUnitCore.java:115)
	at org.junit.vintage.engine.execution.RunnerExecutor.execute(RunnerExecutor.java:40)
	at java.base/java.util.stream.ForEachOps$ForEachOp$OfRef.accept(ForEachOps.java:183)
	at java.base/java.util.stream.ReferencePipeline$3$1.accept(ReferencePipeline.java:195)
	at java.base/java.util.Iterator.forEachRemaining(Iterator.java:133)
	at java.base/java.util.Spliterators$IteratorSpliterator.forEachRemaining(Spliterators.java:1801)
	at java.base/java.util.stream.AbstractPipeline.copyInto(AbstractPipeline.java:484)
	at java.base/java.util.stream.AbstractPipeline.wrapAndCopyInto(AbstractPipeline.java:474)
	at java.base/java.util.stream.ForEachOps$ForEachOp.evaluateSequential(ForEachOps.java:150)
	at java.base/java.util.stream.ForEachOps$ForEachOp$OfRef.evaluateSequential(ForEachOps.java:173)
	at java.base/java.util.stream.AbstractPipeline.evaluate(AbstractPipeline.java:234)
	at java.base/java.util.stream.ReferencePipeline.forEach(ReferencePipeline.java:497)
	at org.junit.vintage.engine.VintageTestEngine.executeAllChildren(VintageTestEngine.java:80)
	at org.junit.vintage.engine.VintageTestEngine.execute(VintageTestEngine.java:71)
	at org.junit.platform.launcher.core.DefaultLauncher.execute(DefaultLauncher.java:229)
	at org.junit.platform.launcher.core.DefaultLauncher.lambda$execute$6(DefaultLauncher.java:197)
	at org.junit.platform.launcher.core.DefaultLauncher.withInterceptedStreams(DefaultLauncher.java:211)
	at org.junit.platform.launcher.core.DefaultLauncher.execute(DefaultLauncher.java:191)
	at org.junit.platform.launcher.core.DefaultLauncher.execute(DefaultLauncher.java:128)
	at org.apache.maven.surefire.junitplatform.JUnitPlatformProvider.execute(JUnitPlatformProvider.java:188)
	at org.apache.maven.surefire.junitplatform.JUnitPlatformProvider.invokeAllTests(JUnitPlatformProvider.java:154)
	at org.apache.maven.surefire.junitplatform.JUnitPlatformProvider.invoke(JUnitPlatformProvider.java:128)
	at org.apache.maven.surefire.booter.ForkedBooter.runSuitesInProcess(ForkedBooter.java:428)
	at org.apache.maven.surefire.booter.ForkedBooter.execute(ForkedBooter.java:162)
	at org.apache.maven.surefire.booter.ForkedBooter.run(ForkedBooter.java:562)
	at org.apache.maven.surefire.booter.ForkedBooter.main(ForkedBooter.java:548)
[main] INFO  - 
        __    _____ _____ ____ _____   ____   _    ____  ____  _____ ____  
  _     \ \  |_   _| ____/ ___|_   _| |  _ \ / \  / ___|/ ___|| ____|  _ \ 
 (_)_____| |   | | |  _| \___ \ | |   | |_) / _ \ \___ \\___ \|  _| | | | |
  _|_____| |   | | | |___ ___) || |   |  __/ ___ \ ___) |___) | |___| |_| |
 (_)     | |   |_| |_____|____/ |_|   |_| /_/   \_\____/|____/|_____|____/ 
        /_/                                                                

User will validate theire transaction
----------------------------------------------------------------------------
]]></system-err>
  </testcase>
  <testcase name="User topup" classname="Topup" time="39.171">
    <system-err><![CDATA[[main] INFO io.cucumber.core.plugin.SerenityReporter - Running feature from file:///D:/sample-mobile-automation/src/test/resources/features/project/Home/TopUp.feature
[main] WARN io.cucumber.core.plugin.SerenityReporter - Feature from file:///D:/sample-mobile-automation/src/test/resources/features/project/Home/TopUp.feature is not under the 'features' directory. Requirements report will not be correctly generated!
[main] INFO  - 
 _____ _____ ____ _____   ____ _____  _    ____ _____ _____ ____  
|_   _| ____/ ___|_   _| / ___|_   _|/ \  |  _ \_   _| ____|  _ \ 
  | | |  _| \___ \ | |   \___ \ | | / _ \ | |_) || | |  _| | | | |
  | | | |___ ___) || |    ___) || |/ ___ \|  _ < | | | |___| |_| |
  |_| |_____|____/ |_|   |____/ |_/_/   \_\_| \_\|_| |_____|____/ 

User topup(topup;user-topup)
-------------------------------------------------------------------
Dec 19, 2022 2:50:29 PM io.appium.java_client.remote.AppiumCommandExecutor$1 lambda$0
INFO: Detected dialect: W3C
[main] INFO  - 
        __    _____ _____ ____ _____   ____   _    ____  ____  _____ ____  
  _     \ \  |_   _| ____/ ___|_   _| |  _ \ / \  / ___|/ ___|| ____|  _ \ 
 (_)_____| |   | | |  _| \___ \ | |   | |_) / _ \ \___ \\___ \|  _| | | | |
  _|_____| |   | | | |___ ___) || |   |  __/ ___ \ ___) |___) | |___| |_| |
 (_)     | |   |_| |_____|____/ |_|   |_| /_/   \_\____/|____/|_____|____/ 
        /_/                                                                

User topup
----------------------------------------------------------------------------
]]></system-err>
  </testcase>
  <testcase name="User pay BPJS with valid Id" classname="BPJS" time="46.603">
    <system-err><![CDATA[[main] INFO io.cucumber.core.plugin.SerenityReporter - Running feature from file:///D:/sample-mobile-automation/src/test/resources/features/project/Transaction/BPJS.feature
[main] WARN io.cucumber.core.plugin.SerenityReporter - Feature from file:///D:/sample-mobile-automation/src/test/resources/features/project/Transaction/BPJS.feature is not under the 'features' directory. Requirements report will not be correctly generated!
[main] INFO  - 
 _____ _____ ____ _____   ____ _____  _    ____ _____ _____ ____  
|_   _| ____/ ___|_   _| / ___|_   _|/ \  |  _ \_   _| ____|  _ \ 
  | | |  _| \___ \ | |   \___ \ | | / _ \ | |_) || | |  _| | | | |
  | | | |___ ___) || |    ___) || |/ ___ \|  _ < | | | |___| |_| |
  |_| |_____|____/ |_|   |____/ |_/_/   \_\_| \_\|_| |_____|____/ 

User pay BPJS with valid Id(bpjs;user-pay-bpjs-with-valid-id)
-------------------------------------------------------------------
Dec 19, 2022 2:51:12 PM io.appium.java_client.remote.AppiumCommandExecutor$1 lambda$0
INFO: Detected dialect: W3C
[main] INFO  - 
        __    _____ _____ ____ _____   ____   _    ____  ____  _____ ____  
  _     \ \  |_   _| ____/ ___|_   _| |  _ \ / \  / ___|/ ___|| ____|  _ \ 
 (_)_____| |   | | |  _| \___ \ | |   | |_) / _ \ \___ \\___ \|  _| | | | |
  _|_____| |   | | | |___ ___) || |   |  __/ ___ \ ___) |___) | |___| |_| |
 (_)     | |   |_| |_____|____/ |_|   |_| /_/   \_\____/|____/|_____|____/ 
        /_/                                                                

User pay BPJS with valid Id
----------------------------------------------------------------------------
]]></system-err>
  </testcase>
  <testcase name="User pay bpjs with invalid id #1" classname="BPJS" time="43.554">
    <system-err><![CDATA[[main] INFO io.cucumber.core.plugin.SerenityReporter - Running feature from file:///D:/sample-mobile-automation/src/test/resources/features/project/Transaction/BPJS.feature
[main] WARN io.cucumber.core.plugin.SerenityReporter - Feature from file:///D:/sample-mobile-automation/src/test/resources/features/project/Transaction/BPJS.feature is not under the 'features' directory. Requirements report will not be correctly generated!
[main] INFO  - 
 _____ _____ ____ _____   ____ _____  _    ____ _____ _____ ____  
|_   _| ____/ ___|_   _| / ___|_   _|/ \  |  _ \_   _| ____|  _ \ 
  | | |  _| \___ \ | |   \___ \ | | / _ \ | |_) || | |  _| | | | |
  | | | |___ ___) || |    ___) || |/ ___ \|  _ < | | | |___| |_| |
  |_| |_____|____/ |_|   |____/ |_/_/   \_\_| \_\|_| |_____|____/ 

User pay bpjs with invalid id(bpjs;user-pay-bpjs-with-invalid-id)
-------------------------------------------------------------------
Dec 19, 2022 2:51:54 PM io.appium.java_client.remote.AppiumCommandExecutor$1 lambda$0
INFO: Detected dialect: W3C
[main] INFO  - 
        __    _____ _____ ____ _____   ____   _    ____  ____  _____ ____  
  _     \ \  |_   _| ____/ ___|_   _| |  _ \ / \  / ___|/ ___|| ____|  _ \ 
 (_)_____| |   | | |  _| \___ \ | |   | |_) / _ \ \___ \\___ \|  _| | | | |
  _|_____| |   | | | |___ ___) || |   |  __/ ___ \ ___) |___) | |___| |_| |
 (_)     | |   |_| |_____|____/ |_|   |_| /_/   \_\____/|____/|_____|____/ 
        /_/                                                                

User pay bpjs with invalid id
----------------------------------------------------------------------------
]]></system-err>
  </testcase>
  <testcase name="User pay bpjs with invalid id #2" classname="BPJS" time="47.484">
    <system-err><![CDATA[[main] INFO io.cucumber.core.plugin.SerenityReporter - Running feature from file:///D:/sample-mobile-automation/src/test/resources/features/project/Transaction/BPJS.feature
[main] WARN io.cucumber.core.plugin.SerenityReporter - Feature from file:///D:/sample-mobile-automation/src/test/resources/features/project/Transaction/BPJS.feature is not under the 'features' directory. Requirements report will not be correctly generated!
Dec 19, 2022 2:52:37 PM io.appium.java_client.remote.AppiumCommandExecutor$1 lambda$0
INFO: Detected dialect: W3C
[main] INFO  - 
        __    _____ _____ ____ _____   ____   _    ____  ____  _____ ____  
  _     \ \  |_   _| ____/ ___|_   _| |  _ \ / \  / ___|/ ___|| ____|  _ \ 
 (_)_____| |   | | |  _| \___ \ | |   | |_) / _ \ \___ \\___ \|  _| | | | |
  _|_____| |   | | | |___ ___) || |   |  __/ ___ \ ___) |___) | |___| |_| |
 (_)     | |   |_| |_____|____/ |_|   |_| /_/   \_\____/|____/|_____|____/ 
        /_/                                                                

User pay bpjs with invalid id
----------------------------------------------------------------------------
]]></system-err>
  </testcase>
  <testcase name="User buy data with valid phone number" classname="Paket Data" time="66.477">
    <system-err><![CDATA[[main] INFO io.cucumber.core.plugin.SerenityReporter - Running feature from file:///D:/sample-mobile-automation/src/test/resources/features/project/Transaction/Data.feature
[main] WARN io.cucumber.core.plugin.SerenityReporter - Feature from file:///D:/sample-mobile-automation/src/test/resources/features/project/Transaction/Data.feature is not under the 'features' directory. Requirements report will not be correctly generated!
[main] INFO  - 
 _____ _____ ____ _____   ____ _____  _    ____ _____ _____ ____  
|_   _| ____/ ___|_   _| / ___|_   _|/ \  |  _ \_   _| ____|  _ \ 
  | | |  _| \___ \ | |   \___ \ | | / _ \ | |_) || | |  _| | | | |
  | | | |___ ___) || |    ___) || |/ ___ \|  _ < | | | |___| |_| |
  |_| |_____|____/ |_|   |____/ |_/_/   \_\_| \_\|_| |_____|____/ 

User buy data with valid phone number(paket-data;user-buy-data-with-valid-phone-number)
-------------------------------------------------------------------
Dec 19, 2022 2:53:33 PM io.appium.java_client.remote.AppiumCommandExecutor$1 lambda$0
INFO: Detected dialect: W3C
[main] INFO  - 
        __    _____ _____ ____ _____   ____   _    ____  ____  _____ ____  
  _     \ \  |_   _| ____/ ___|_   _| |  _ \ / \  / ___|/ ___|| ____|  _ \ 
 (_)_____| |   | | |  _| \___ \ | |   | |_) / _ \ \___ \\___ \|  _| | | | |
  _|_____| |   | | | |___ ___) || |   |  __/ ___ \ ___) |___) | |___| |_| |
 (_)     | |   |_| |_____|____/ |_|   |_| /_/   \_\____/|____/|_____|____/ 
        /_/                                                                

User buy data with valid phone number
----------------------------------------------------------------------------
]]></system-err>
  </testcase>
  <testcase name="User buy data with invalid number #1" classname="Paket Data" time="42.813">
    <system-err><![CDATA[[main] INFO io.cucumber.core.plugin.SerenityReporter - Running feature from file:///D:/sample-mobile-automation/src/test/resources/features/project/Transaction/Data.feature
[main] WARN io.cucumber.core.plugin.SerenityReporter - Feature from file:///D:/sample-mobile-automation/src/test/resources/features/project/Transaction/Data.feature is not under the 'features' directory. Requirements report will not be correctly generated!
[main] INFO  - 
 _____ _____ ____ _____   ____ _____  _    ____ _____ _____ ____  
|_   _| ____/ ___|_   _| / ___|_   _|/ \  |  _ \_   _| ____|  _ \ 
  | | |  _| \___ \ | |   \___ \ | | / _ \ | |_) || | |  _| | | | |
  | | | |___ ___) || |    ___) || |/ ___ \|  _ < | | | |___| |_| |
  |_| |_____|____/ |_|   |____/ |_/_/   \_\_| \_\|_| |_____|____/ 

User buy data with invalid number(paket-data;user-buy-data-with-invalid-number)
-------------------------------------------------------------------
Dec 19, 2022 2:54:32 PM io.appium.java_client.remote.AppiumCommandExecutor$1 lambda$0
INFO: Detected dialect: W3C
[main] INFO  - 
        __    _____ _____ ____ _____   ____   _    ____  ____  _____ ____  
  _     \ \  |_   _| ____/ ___|_   _| |  _ \ / \  / ___|/ ___|| ____|  _ \ 
 (_)_____| |   | | |  _| \___ \ | |   | |_) / _ \ \___ \\___ \|  _| | | | |
  _|_____| |   | | | |___ ___) || |   |  __/ ___ \ ___) |___) | |___| |_| |
 (_)     | |   |_| |_____|____/ |_|   |_| /_/   \_\____/|____/|_____|____/ 
        /_/                                                                

User buy data with invalid number
----------------------------------------------------------------------------
]]></system-err>
  </testcase>
  <testcase name="User buy data with invalid number #2" classname="Paket Data" time="32.238">
    <system-err><![CDATA[[main] INFO io.cucumber.core.plugin.SerenityReporter - Running feature from file:///D:/sample-mobile-automation/src/test/resources/features/project/Transaction/Data.feature
[main] WARN io.cucumber.core.plugin.SerenityReporter - Feature from file:///D:/sample-mobile-automation/src/test/resources/features/project/Transaction/Data.feature is not under the 'features' directory. Requirements report will not be correctly generated!
Dec 19, 2022 2:55:12 PM io.appium.java_client.remote.AppiumCommandExecutor$1 lambda$0
INFO: Detected dialect: W3C
[main] INFO  - 
        __    _____ _____ ____ _____   ____   _    ____  ____  _____ ____  
  _     \ \  |_   _| ____/ ___|_   _| |  _ \ / \  / ___|/ ___|| ____|  _ \ 
 (_)_____| |   | | |  _| \___ \ | |   | |_) / _ \ \___ \\___ \|  _| | | | |
  _|_____| |   | | | |___ ___) || |   |  __/ ___ \ ___) |___) | |___| |_| |
 (_)     | |   |_| |_____|____/ |_|   |_| /_/   \_\____/|____/|_____|____/ 
        /_/                                                                

User buy data with invalid number
----------------------------------------------------------------------------
]]></system-err>
  </testcase>
  <testcase name="User buy data with invalid number #3" classname="Paket Data" time="34.852">
    <system-err><![CDATA[[main] INFO io.cucumber.core.plugin.SerenityReporter - Running feature from file:///D:/sample-mobile-automation/src/test/resources/features/project/Transaction/Data.feature
[main] WARN io.cucumber.core.plugin.SerenityReporter - Feature from file:///D:/sample-mobile-automation/src/test/resources/features/project/Transaction/Data.feature is not under the 'features' directory. Requirements report will not be correctly generated!
Dec 19, 2022 2:55:44 PM io.appium.java_client.remote.AppiumCommandExecutor$1 lambda$0
INFO: Detected dialect: W3C
]]></system-err>
  </testcase>
  <testcase name="User buy data with valid phone number and use voucher" classname="Paket Data" time="66.275">
    <error type="org.openqa.selenium.TimeoutException"><![CDATA[org.openqa.selenium.TimeoutException: Expected condition failed: waiting for visibility of element located by By.xpath: (//android.view.View[@content-desc="Voucher"])[2] (tried for 20 second(s) with 3000 milliseconds interval)
Caused by: org.openqa.selenium.NoSuchElementException: 
An element could not be located on the page using the given search parameters.
For documentation on this error, please visit: https://www.seleniumhq.org/exceptions/no_such_element.html
[...]
(_)____| |    | | |  _| \___ \ | |   |  _| | |_) | |_) | | | | |_) |
 |_____| |    | | | |___ ___) || |   | |___|  _ <|  _ <| |_| |  _ < 
(_)    | |    |_| |_____|____/ |_|   |_____|_| \_\_| \_\\___/|_| \_\
        \_\                                                         

User buy data with valid phone number and use voucher
---------------------------------------------------------------------
[main] ERROR  -     Test failed at step: And select voucher
[main] ERROR  -     An element could not be located on the page using the given search parameters.
]]></system-err>
  </testcase>
  <testcase name="User pay listrik with valid Id" classname="Listrik" time="44.323">
    <system-err><![CDATA[[main] INFO io.cucumber.core.plugin.SerenityReporter - Running feature from file:///D:/sample-mobile-automation/src/test/resources/features/project/Transaction/Listrik.feature
[main] WARN io.cucumber.core.plugin.SerenityReporter - Feature from file:///D:/sample-mobile-automation/src/test/resources/features/project/Transaction/Listrik.feature is not under the 'features' directory. Requirements report will not be correctly generated!
[main] INFO  - 
 _____ _____ ____ _____   ____ _____  _    ____ _____ _____ ____  
|_   _| ____/ ___|_   _| / ___|_   _|/ \  |  _ \_   _| ____|  _ \ 
  | | |  _| \___ \ | |   \___ \ | | / _ \ | |_) || | |  _| | | | |
  | | | |___ ___) || |    ___) || |/ ___ \|  _ < | | | |___| |_| |
  |_| |_____|____/ |_|   |____/ |_/_/   \_\_| \_\|_| |_____|____/ 

User pay listrik with valid Id(listrik;user-pay-listrik-with-valid-id)
-------------------------------------------------------------------
Dec 19, 2022 2:57:26 PM io.appium.java_client.remote.AppiumCommandExecutor$1 lambda$0
INFO: Detected dialect: W3C
[main] INFO  - 
        __    _____ _____ ____ _____   ____   _    ____  ____  _____ ____  
  _     \ \  |_   _| ____/ ___|_   _| |  _ \ / \  / ___|/ ___|| ____|  _ \ 
 (_)_____| |   | | |  _| \___ \ | |   | |_) / _ \ \___ \\___ \|  _| | | | |
  _|_____| |   | | | |___ ___) || |   |  __/ ___ \ ___) |___) | |___| |_| |
 (_)     | |   |_| |_____|____/ |_|   |_| /_/   \_\____/|____/|_____|____/ 
        /_/                                                                

User pay listrik with valid Id
----------------------------------------------------------------------------
]]></system-err>
  </testcase>
  <testcase name="User pay listrik with invalid id #1" classname="Listrik" time="38.875">
    <system-err><![CDATA[[main] INFO io.cucumber.core.plugin.SerenityReporter - Running feature from file:///D:/sample-mobile-automation/src/test/resources/features/project/Transaction/Listrik.feature
[main] WARN io.cucumber.core.plugin.SerenityReporter - Feature from file:///D:/sample-mobile-automation/src/test/resources/features/project/Transaction/Listrik.feature is not under the 'features' directory. Requirements report will not be correctly generated!
[main] INFO  - 
 _____ _____ ____ _____   ____ _____  _    ____ _____ _____ ____  
|_   _| ____/ ___|_   _| / ___|_   _|/ \  |  _ \_   _| ____|  _ \ 
  | | |  _| \___ \ | |   \___ \ | | / _ \ | |_) || | |  _| | | | |
  | | | |___ ___) || |    ___) || |/ ___ \|  _ < | | | |___| |_| |
  |_| |_____|____/ |_|   |____/ |_/_/   \_\_| \_\|_| |_____|____/ 

User pay listrik with invalid id(listrik;user-pay-listrik-with-invalid-id)
-------------------------------------------------------------------
Dec 19, 2022 2:58:13 PM io.appium.java_client.remote.AppiumCommandExecutor$1 lambda$0
INFO: Detected dialect: W3C
[main] INFO  - 
        __    _____ _____ ____ _____   ____   _    ____  ____  _____ ____  
  _     \ \  |_   _| ____/ ___|_   _| |  _ \ / \  / ___|/ ___|| ____|  _ \ 
 (_)_____| |   | | |  _| \___ \ | |   | |_) / _ \ \___ \\___ \|  _| | | | |
  _|_____| |   | | | |___ ___) || |   |  __/ ___ \ ___) |___) | |___| |_| |
 (_)     | |   |_| |_____|____/ |_|   |_| /_/   \_\____/|____/|_____|____/ 
        /_/                                                                

User pay listrik with invalid id
----------------------------------------------------------------------------
]]></system-err>
  </testcase>
  <testcase name="User pay listrik with invalid id #2" classname="Listrik" time="32.616">
    <system-err><![CDATA[[main] INFO io.cucumber.core.plugin.SerenityReporter - Running feature from file:///D:/sample-mobile-automation/src/test/resources/features/project/Transaction/Listrik.feature
[main] WARN io.cucumber.core.plugin.SerenityReporter - Feature from file:///D:/sample-mobile-automation/src/test/resources/features/project/Transaction/Listrik.feature is not under the 'features' directory. Requirements report will not be correctly generated!
Dec 19, 2022 2:58:51 PM io.appium.java_client.remote.AppiumCommandExecutor$1 lambda$0
INFO: Detected dialect: W3C
[main] INFO  - 
        __    _____ _____ ____ _____   ____   _    ____  ____  _____ ____  
  _     \ \  |_   _| ____/ ___|_   _| |  _ \ / \  / ___|/ ___|| ____|  _ \ 
 (_)_____| |   | | |  _| \___ \ | |   | |_) / _ \ \___ \\___ \|  _| | | | |
  _|_____| |   | | | |___ ___) || |   |  __/ ___ \ ___) |___) | |___| |_| |
 (_)     | |   |_| |_____|____/ |_|   |_| /_/   \_\____/|____/|_____|____/ 
        /_/                                                                

User pay listrik with invalid id
----------------------------------------------------------------------------
]]></system-err>
  </testcase>
  <testcase name="User pay PDAM with valid Id" classname="PDAM" time="42.343">
    <system-err><![CDATA[[main] INFO io.cucumber.core.plugin.SerenityReporter - Running feature from file:///D:/sample-mobile-automation/src/test/resources/features/project/Transaction/PDAM.feature
[main] WARN io.cucumber.core.plugin.SerenityReporter - Feature from file:///D:/sample-mobile-automation/src/test/resources/features/project/Transaction/PDAM.feature is not under the 'features' directory. Requirements report will not be correctly generated!
[main] INFO  - 
 _____ _____ ____ _____   ____ _____  _    ____ _____ _____ ____  
|_   _| ____/ ___|_   _| / ___|_   _|/ \  |  _ \_   _| ____|  _ \ 
  | | |  _| \___ \ | |   \___ \ | | / _ \ | |_) || | |  _| | | | |
  | | | |___ ___) || |    ___) || |/ ___ \|  _ < | | | |___| |_| |
  |_| |_____|____/ |_|   |____/ |_/_/   \_\_| \_\|_| |_____|____/ 

User pay PDAM with valid Id(pdam;user-pay-pdam-with-valid-id)
-------------------------------------------------------------------
Dec 19, 2022 2:59:23 PM io.appium.java_client.remote.AppiumCommandExecutor$1 lambda$0
INFO: Detected dialect: W3C
[main] INFO  - 
        __    _____ _____ ____ _____   ____   _    ____  ____  _____ ____  
  _     \ \  |_   _| ____/ ___|_   _| |  _ \ / \  / ___|/ ___|| ____|  _ \ 
 (_)_____| |   | | |  _| \___ \ | |   | |_) / _ \ \___ \\___ \|  _| | | | |
  _|_____| |   | | | |___ ___) || |   |  __/ ___ \ ___) |___) | |___| |_| |
 (_)     | |   |_| |_____|____/ |_|   |_| /_/   \_\____/|____/|_____|____/ 
        /_/                                                                

User pay PDAM with valid Id
----------------------------------------------------------------------------
]]></system-err>
  </testcase>
  <testcase name="User pay pdam with invalid id" classname="PDAM" time="40.149">
    <system-err><![CDATA[[main] INFO io.cucumber.core.plugin.SerenityReporter - Running feature from file:///D:/sample-mobile-automation/src/test/resources/features/project/Transaction/PDAM.feature
[main] WARN io.cucumber.core.plugin.SerenityReporter - Feature from file:///D:/sample-mobile-automation/src/test/resources/features/project/Transaction/PDAM.feature is not under the 'features' directory. Requirements report will not be correctly generated!
[main] INFO  - 
 _____ _____ ____ _____   ____ _____  _    ____ _____ _____ ____  
|_   _| ____/ ___|_   _| / ___|_   _|/ \  |  _ \_   _| ____|  _ \ 
  | | |  _| \___ \ | |   \___ \ | | / _ \ | |_) || | |  _| | | | |
  | | | |___ ___) || |    ___) || |/ ___ \|  _ < | | | |___| |_| |
  |_| |_____|____/ |_|   |____/ |_/_/   \_\_| \_\|_| |_____|____/ 

User pay pdam with invalid id(pdam;user-pay-pdam-with-invalid-id)
-------------------------------------------------------------------
Dec 19, 2022 3:00:08 PM io.appium.java_client.remote.AppiumCommandExecutor$1 lambda$0
INFO: Detected dialect: W3C
[main] INFO  - 
        __    _____ _____ ____ _____   ____   _    ____  ____  _____ ____  
  _     \ \  |_   _| ____/ ___|_   _| |  _ \ / \  / ___|/ ___|| ____|  _ \ 
 (_)_____| |   | | |  _| \___ \ | |   | |_) / _ \ \___ \\___ \|  _| | | | |
  _|_____| |   | | | |___ ___) || |   |  __/ ___ \ ___) |___) | |___| |_| |
 (_)     | |   |_| |_____|____/ |_|   |_| /_/   \_\____/|____/|_____|____/ 
        /_/                                                                

User pay pdam with invalid id
----------------------------------------------------------------------------
]]></system-err>
  </testcase>
  <testcase name="User pay pdam without choose wilayah" classname="PDAM" time="36.11">
    <system-err><![CDATA[[main] INFO io.cucumber.core.plugin.SerenityReporter - Running feature from file:///D:/sample-mobile-automation/src/test/resources/features/project/Transaction/PDAM.feature
[main] WARN io.cucumber.core.plugin.SerenityReporter - Feature from file:///D:/sample-mobile-automation/src/test/resources/features/project/Transaction/PDAM.feature is not under the 'features' directory. Requirements report will not be correctly generated!
[main] INFO  - 
 _____ _____ ____ _____   ____ _____  _    ____ _____ _____ ____  
|_   _| ____/ ___|_   _| / ___|_   _|/ \  |  _ \_   _| ____|  _ \ 
  | | |  _| \___ \ | |   \___ \ | | / _ \ | |_) || | |  _| | | | |
  | | | |___ ___) || |    ___) || |/ ___ \|  _ < | | | |___| |_| |
  |_| |_____|____/ |_|   |____/ |_/_/   \_\_| \_\|_| |_____|____/ 

User pay pdam without choose wilayah(pdam;user-pay-pdam-without-choose-wilayah)
-------------------------------------------------------------------
Dec 19, 2022 3:00:45 PM io.appium.java_client.remote.AppiumCommandExecutor$1 lambda$0
INFO: Detected dialect: W3C
[main] INFO  - 
        __    _____ _____ ____ _____   ____   _    ____  ____  _____ ____  
  _     \ \  |_   _| ____/ ___|_   _| |  _ \ / \  / ___|/ ___|| ____|  _ \ 
 (_)_____| |   | | |  _| \___ \ | |   | |_) / _ \ \___ \\___ \|  _| | | | |
  _|_____| |   | | | |___ ___) || |   |  __/ ___ \ ___) |___) | |___| |_| |
 (_)     | |   |_| |_____|____/ |_|   |_| /_/   \_\____/|____/|_____|____/ 
        /_/                                                                

User pay pdam without choose wilayah
----------------------------------------------------------------------------
]]></system-err>
  </testcase>
  <testcase name="User buy pulsa with valid phone number" classname="Pulsa" time="44.179">
    <system-err><![CDATA[[main] INFO io.cucumber.core.plugin.SerenityReporter - Running feature from file:///D:/sample-mobile-automation/src/test/resources/features/project/Transaction/Pulsa.feature
[main] WARN io.cucumber.core.plugin.SerenityReporter - Feature from file:///D:/sample-mobile-automation/src/test/resources/features/project/Transaction/Pulsa.feature is not under the 'features' directory. Requirements report will not be correctly generated!
[main] INFO  - 
 _____ _____ ____ _____   ____ _____  _    ____ _____ _____ ____  
|_   _| ____/ ___|_   _| / ___|_   _|/ \  |  _ \_   _| ____|  _ \ 
  | | |  _| \___ \ | |   \___ \ | | / _ \ | |_) || | |  _| | | | |
  | | | |___ ___) || |    ___) || |/ ___ \|  _ < | | | |___| |_| |
  |_| |_____|____/ |_|   |____/ |_/_/   \_\_| \_\|_| |_____|____/ 

User buy pulsa with valid phone number(pulsa;user-buy-pulsa-with-valid-phone-number)
-------------------------------------------------------------------
Dec 19, 2022 3:01:26 PM io.appium.java_client.remote.AppiumCommandExecutor$1 lambda$0
INFO: Detected dialect: W3C
[main] INFO  - 
        __    _____ _____ ____ _____   ____   _    ____  ____  _____ ____  
  _     \ \  |_   _| ____/ ___|_   _| |  _ \ / \  / ___|/ ___|| ____|  _ \ 
 (_)_____| |   | | |  _| \___ \ | |   | |_) / _ \ \___ \\___ \|  _| | | | |
  _|_____| |   | | | |___ ___) || |   |  __/ ___ \ ___) |___) | |___| |_| |
 (_)     | |   |_| |_____|____/ |_|   |_| /_/   \_\____/|____/|_____|____/ 
        /_/                                                                

User buy pulsa with valid phone number
----------------------------------------------------------------------------
]]></system-err>
  </testcase>
  <testcase name="User buy pulsa with entering a longer phone number than necessary #1" classname="Pulsa" time="38">
    <system-err><![CDATA[[main] INFO io.cucumber.core.plugin.SerenityReporter - Running feature from file:///D:/sample-mobile-automation/src/test/resources/features/project/Transaction/Pulsa.feature
[main] WARN io.cucumber.core.plugin.SerenityReporter - Feature from file:///D:/sample-mobile-automation/src/test/resources/features/project/Transaction/Pulsa.feature is not under the 'features' directory. Requirements report will not be correctly generated!
[main] INFO  - 
 _____ _____ ____ _____   ____ _____  _    ____ _____ _____ ____  
|_   _| ____/ ___|_   _| / ___|_   _|/ \  |  _ \_   _| ____|  _ \ 
  | | |  _| \___ \ | |   \___ \ | | / _ \ | |_) || | |  _| | | | |
  | | | |___ ___) || |    ___) || |/ ___ \|  _ < | | | |___| |_| |
  |_| |_____|____/ |_|   |____/ |_/_/   \_\_| \_\|_| |_____|____/ 

User buy pulsa with entering a longer phone number than necessary(pulsa;user-buy-pulsa-with-entering-a-longer-phone-number-than-necessary)
-------------------------------------------------------------------
Dec 19, 2022 3:02:06 PM io.appium.java_client.remote.AppiumCommandExecutor$1 lambda$0
INFO: Detected dialect: W3C
[main] INFO  - 
        __    _____ _____ ____ _____   ____   _    ____  ____  _____ ____  
  _     \ \  |_   _| ____/ ___|_   _| |  _ \ / \  / ___|/ ___|| ____|  _ \ 
 (_)_____| |   | | |  _| \___ \ | |   | |_) / _ \ \___ \\___ \|  _| | | | |
  _|_____| |   | | | |___ ___) || |   |  __/ ___ \ ___) |___) | |___| |_| |
 (_)     | |   |_| |_____|____/ |_|   |_| /_/   \_\____/|____/|_____|____/ 
        /_/                                                                

User buy pulsa with entering a longer phone number than necessary
----------------------------------------------------------------------------
]]></system-err>
  </testcase>
  <testcase name="User buy pulsa with entering a longer phone number than necessary #2" classname="Pulsa" time="43.649">
    <system-err><![CDATA[[main] INFO io.cucumber.core.plugin.SerenityReporter - Running feature from file:///D:/sample-mobile-automation/src/test/resources/features/project/Transaction/Pulsa.feature
[main] WARN io.cucumber.core.plugin.SerenityReporter - Feature from file:///D:/sample-mobile-automation/src/test/resources/features/project/Transaction/Pulsa.feature is not under the 'features' directory. Requirements report will not be correctly generated!
Dec 19, 2022 3:02:45 PM io.appium.java_client.remote.AppiumCommandExecutor$1 lambda$0
INFO: Detected dialect: W3C
[main] INFO  - 
        __    _____ _____ ____ _____   ____   _    ____  ____  _____ ____  
  _     \ \  |_   _| ____/ ___|_   _| |  _ \ / \  / ___|/ ___|| ____|  _ \ 
 (_)_____| |   | | |  _| \___ \ | |   | |_) / _ \ \___ \\___ \|  _| | | | |
  _|_____| |   | | | |___ ___) || |   |  __/ ___ \ ___) |___) | |___| |_| |
 (_)     | |   |_| |_____|____/ |_|   |_| /_/   \_\____/|____/|_____|____/ 
        /_/                                                                

User buy pulsa with entering a longer phone number than necessary
----------------------------------------------------------------------------
]]></system-err>
  </testcase>
  <testcase name="User buy pulsa with entering a longer phone number than necessary #3" classname="Pulsa" time="39.292">
    <system-err><![CDATA[[main] INFO io.cucumber.core.plugin.SerenityReporter - Running feature from file:///D:/sample-mobile-automation/src/test/resources/features/project/Transaction/Pulsa.feature
[main] WARN io.cucumber.core.plugin.SerenityReporter - Feature from file:///D:/sample-mobile-automation/src/test/resources/features/project/Transaction/Pulsa.feature is not under the 'features' directory. Requirements report will not be correctly generated!
Dec 19, 2022 3:03:30 PM io.appium.java_client.remote.AppiumCommandExecutor$1 lambda$0
INFO: Detected dialect: W3C
]]></system-err>
  </testcase>
  <testcase name="User buy pulsa with valid phone number and use voucher" classname="Pulsa" time="59.009">
    <system-err><![CDATA[[main] INFO io.cucumber.core.plugin.SerenityReporter - Running feature from file:///D:/sample-mobile-automation/src/test/resources/features/project/Transaction/Pulsa.feature
[main] WARN io.cucumber.core.plugin.SerenityReporter - Feature from file:///D:/sample-mobile-automation/src/test/resources/features/project/Transaction/Pulsa.feature is not under the 'features' directory. Requirements report will not be correctly generated!
[main] INFO  - 
 _____ _____ ____ _____   ____ _____  _    ____ _____ _____ ____  
|_   _| ____/ ___|_   _| / ___|_   _|/ \  |  _ \_   _| ____|  _ \ 
  | | |  _| \___ \ | |   \___ \ | | / _ \ | |_) || | |  _| | | | |
  | | | |___ ___) || |    ___) || |/ ___ \|  _ < | | | |___| |_| |
  |_| |_____|____/ |_|   |____/ |_/_/   \_\_| \_\|_| |_____|____/ 

User buy pulsa with valid phone number and use voucher(pulsa;user-buy-pulsa-with-valid-phone-number-and-use-voucher)
-------------------------------------------------------------------
Dec 19, 2022 3:04:07 PM io.appium.java_client.remote.AppiumCommandExecutor$1 lambda$0
INFO: Detected dialect: W3C
[main] INFO  - 
        __    _____ _____ ____ _____   ____   _    ____  ____  _____ ____  
  _     \ \  |_   _| ____/ ___|_   _| |  _ \ / \  / ___|/ ___|| ____|  _ \ 
 (_)_____| |   | | |  _| \___ \ | |   | |_) / _ \ \___ \\___ \|  _| | | | |
  _|_____| |   | | | |___ ___) || |   |  __/ ___ \ ___) |___) | |___| |_| |
 (_)     | |   |_| |_____|____/ |_|   |_| /_/   \_\____/|____/|_____|____/ 
        /_/                                                                

User buy pulsa with valid phone number and use voucher
----------------------------------------------------------------------------
]]></system-err>
  </testcase>
  <testcase name="topup shopee" classname="Shopee" time="49.218">
    <system-err><![CDATA[[main] INFO io.cucumber.core.plugin.SerenityReporter - Running feature from file:///D:/sample-mobile-automation/src/test/resources/features/project/Transaction/Shopee.feature
[main] WARN io.cucumber.core.plugin.SerenityReporter - Feature from file:///D:/sample-mobile-automation/src/test/resources/features/project/Transaction/Shopee.feature is not under the 'features' directory. Requirements report will not be correctly generated!
[main] INFO  - 
 _____ _____ ____ _____   ____ _____  _    ____ _____ _____ ____  
|_   _| ____/ ___|_   _| / ___|_   _|/ \  |  _ \_   _| ____|  _ \ 
  | | |  _| \___ \ | |   \___ \ | | / _ \ | |_) || | |  _| | | | |
  | | | |___ ___) || |    ___) || |/ ___ \|  _ < | | | |___| |_| |
  |_| |_____|____/ |_|   |____/ |_/_/   \_\_| \_\|_| |_____|____/ 

topup shopee(shopee;topup-shopee)
-------------------------------------------------------------------
Dec 19, 2022 3:05:10 PM io.appium.java_client.remote.AppiumCommandExecutor$1 lambda$0
INFO: Detected dialect: W3C
[main] INFO  - 
        __    _____ _____ ____ _____   ____   _    ____  ____  _____ ____  
  _     \ \  |_   _| ____/ ___|_   _| |  _ \ / \  / ___|/ ___|| ____|  _ \ 
 (_)_____| |   | | |  _| \___ \ | |   | |_) / _ \ \___ \\___ \|  _| | | | |
  _|_____| |   | | | |___ ___) || |   |  __/ ___ \ ___) |___) | |___| |_| |
 (_)     | |   |_| |_____|____/ |_|   |_| /_/   \_\____/|____/|_____|____/ 
        /_/                                                                

topup shopee
----------------------------------------------------------------------------
]]></system-err>
  </testcase>
</testsuite>